Creating cluster of 10 nodes
CONTAINER ID        NAME                 CPU %               MEM USAGE / LIMIT     MEM %               NET I/O             BLOCK I/O           PIDS
1f915bd9fd9f        adhoc-cloud-node10   7.08%               281.9MiB / 62.13GiB   0.44%               564kB / 650kB       0B / 4.74MB         162
44a55f1bf3e1        adhoc-cloud-node9    4.96%               271.9MiB / 62.13GiB   0.43%               650kB / 729kB       0B / 4.56MB         139
7507dcd67c3e        adhoc-cloud-node8    3.66%               279.9MiB / 62.13GiB   0.44%               690kB / 755kB       0B / 4.28MB         135
a8ff9d80533e        adhoc-cloud-node7    5.18%               278.3MiB / 62.13GiB   0.44%               739kB / 792kB       0B / 3.9MB          146
1b0a2c86f763        adhoc-cloud-node6    0.45%               275.1MiB / 62.13GiB   0.43%               814kB / 825kB       0B / 3.43MB         133
7c59226a3e93        adhoc-cloud-node5    2.36%               282.7MiB / 62.13GiB   0.44%               894kB / 871kB       0B / 3.23MB         132
26ce71ed0810        adhoc-cloud-node4    2.63%               278.1MiB / 62.13GiB   0.44%               891kB / 898kB       0B / 2.91MB         135
f45aa3f26964        adhoc-cloud-node3    2.97%               283MiB / 62.13GiB     0.44%               941kB / 900kB       0B / 2.84MB         134
31c9b79e1a04        adhoc-cloud-node2    1.43%               292MiB / 62.13GiB     0.46%               1.04MB / 1.02MB     0B / 2.57MB         137
e343b96ba952        adhoc-cloud-node1    0.30%               286.7MiB / 62.13GiB   0.45%               1.1MB / 893kB       0B / 2.08MB         133
c58c981e45bd        adhoc-cloud-master   0.36%               285.4MiB / 62.13GiB   0.45%               1.26MB / 1.23MB     0B / 2.33MB         136
Percentage leaving 20%
Percentage leaving 40%
Creating cluster of 10 nodes
CONTAINER ID        NAME                 CPU %               MEM USAGE / LIMIT     MEM %               NET I/O             BLOCK I/O           PIDS
f82bdb4b02c8        adhoc-cloud-node10   4.56%               276.4MiB / 62.13GiB   0.43%               552kB / 632kB       0B / 4.81MB         170
f53b402b7bca        adhoc-cloud-node9    2.73%               292.2MiB / 62.13GiB   0.46%               569kB / 610kB       0B / 4.52MB         148
95d3476a1d33        adhoc-cloud-node8    2.89%               276.8MiB / 62.13GiB   0.44%               623kB / 742kB       0B / 4.26MB         140
357a30bf24d7        adhoc-cloud-node7    2.73%               295.8MiB / 62.13GiB   0.46%               629kB / 624kB       0B / 3.91MB         147
f0ae6daee41d        adhoc-cloud-node6    2.62%               277.1MiB / 62.13GiB   0.44%               738kB / 784kB       0B / 3.51MB         140
ca0d0ddb2399        adhoc-cloud-node5    0.41%               279.4MiB / 62.13GiB   0.44%               838kB / 839kB       0B / 3.27MB         149
82afb3526b1c        adhoc-cloud-node4    2.64%               277.6MiB / 62.13GiB   0.44%               880kB / 841kB       0B / 2.93MB         151
18fb11fe17df        adhoc-cloud-node3    0.36%               285.9MiB / 62.13GiB   0.45%               924kB / 886kB       0B / 2.73MB         150
d26d54621438        adhoc-cloud-node2    0.34%               270.5MiB / 62.13GiB   0.43%               1.01MB / 891kB      0B / 2.48MB         138
34343ce8aaa1        adhoc-cloud-node1    0.37%               275.6MiB / 62.13GiB   0.43%               1.04MB / 911kB      0B / 2.08MB         148
d32573fee8df        adhoc-cloud-master   0.29%               287.2MiB / 62.13GiB   0.45%               1.25MB / 1.26MB     0B / 2.29MB         146
Percentage leaving 20%
Percentage leaving 40%
Percentage leaving 60%
Percentage leaving 80%
