Creating cluster of 100 nodes
Percentage Leaving 20%
CONTAINER ID        NAME                CPU %               MEM USAGE / LIMIT     MEM %               NET I/O             BLOCK I/O           PIDS
56d9a7eb4073        etcd99              2.69%               53.18MiB / 62.13GiB   0.08%               0B / 0B             0B / 422kB          21
8d19a38dc7d7        etcd98              2.78%               56.65MiB / 62.13GiB   0.09%               0B / 0B             0B / 483kB          15
cec5d9b6aba4        etcd97              3.04%               59.67MiB / 62.13GiB   0.09%               0B / 0B             0B / 467kB          17
95c2c426d9ba        etcd96              2.84%               59.5MiB / 62.13GiB    0.09%               0B / 0B             0B / 500kB          16
3d989e4a24d6        etcd95              3.03%               57.3MiB / 62.13GiB    0.09%               0B / 0B             0B / 524kB          17
eb3722940f24        etcd94              2.50%               58.38MiB / 62.13GiB   0.09%               0B / 0B             0B / 549kB          16
681cf5a90890        etcd93              2.63%               63.87MiB / 62.13GiB   0.10%               0B / 0B             0B / 524kB          17
d842324326aa        etcd92              2.88%               66.38MiB / 62.13GiB   0.10%               0B / 0B             0B / 569kB          18
be00a2ba9d18        etcd91              2.85%               74.99MiB / 62.13GiB   0.12%               0B / 0B             0B / 598kB          16
c1f38c12cfc9        etcd90              3.23%               68.34MiB / 62.13GiB   0.11%               0B / 0B             0B / 578kB          17
79f6b4668dc7        etcd89              2.23%               67.98MiB / 62.13GiB   0.11%               0B / 0B             0B / 549kB          16
ac1ef665b4b0        etcd88              2.62%               72.2MiB / 62.13GiB    0.11%               0B / 0B             0B / 582kB          21
7ca0eeba2a86        etcd87              2.54%               77.12MiB / 62.13GiB   0.12%               0B / 0B             0B / 635kB          16
439d00a807bd        etcd86              2.66%               71.99MiB / 62.13GiB   0.11%               0B / 0B             0B / 610kB          17
113c4f89b507        etcd85              2.87%               72.71MiB / 62.13GiB   0.11%               0B / 0B             0B / 610kB          17
87029f938386        etcd84              2.56%               77.95MiB / 62.13GiB   0.12%               0B / 0B             0B / 590kB          21
51c852318a23        etcd83              2.41%               77.82MiB / 62.13GiB   0.12%               0B / 0B             0B / 606kB          19
b41cf9782b20        etcd82              2.72%               87.33MiB / 62.13GiB   0.14%               0B / 0B             0B / 672kB          19
f0fb0f99360f        etcd81              2.47%               96.82MiB / 62.13GiB   0.15%               0B / 0B             0B / 651kB          21
58687d5359cd        etcd80              2.52%               84.19MiB / 62.13GiB   0.13%               0B / 0B             0B / 598kB          21
4cb735045f50        etcd79              2.82%               101.3MiB / 62.13GiB   0.16%               0B / 0B             0B / 696kB          18
b61f69d8bc14        etcd78              2.32%               126.5MiB / 62.13GiB   0.20%               0B / 0B             0B / 696kB          19
c13b79975976        etcd77              2.50%               102.8MiB / 62.13GiB   0.16%               0B / 0B             0B / 733kB          19
5d258bdee19a        etcd76              2.62%               106.3MiB / 62.13GiB   0.17%               0B / 0B             0B / 729kB          21
a7ccc013a5b0        etcd75              3.12%               118.4MiB / 62.13GiB   0.19%               0B / 0B             0B / 733kB          19
0e0525ba55c5        etcd74              2.96%               106.9MiB / 62.13GiB   0.17%               0B / 0B             0B / 733kB          18
1ac3282fa2ee        etcd73              2.89%               99.53MiB / 62.13GiB   0.16%               0B / 0B             0B / 774kB          19
9e881b6ba2ba        etcd72              2.73%               122.5MiB / 62.13GiB   0.19%               0B / 0B             0B / 774kB          18
2d9e636346d6        etcd71              2.51%               137MiB / 62.13GiB     0.22%               0B / 0B             0B / 766kB          19
0176316213a3        etcd70              2.69%               100.2MiB / 62.13GiB   0.16%               0B / 0B             0B / 782kB          22
7073994741d8        etcd69              2.64%               115.3MiB / 62.13GiB   0.18%               0B / 0B             0B / 799kB          16
e75afba7f4af        etcd68              2.76%               129.4MiB / 62.13GiB   0.20%               0B / 0B             0B / 807kB          19
a914d0368cd8        etcd67              2.61%               142.6MiB / 62.13GiB   0.22%               0B / 0B             0B / 831kB          18
9220ba396019        etcd66              2.56%               152.1MiB / 62.13GiB   0.24%               0B / 0B             0B / 860kB          18
034e89d929a4        etcd65              2.62%               135.7MiB / 62.13GiB   0.21%               0B / 0B             0B / 856kB          19
1593020b8b8f        etcd64              2.36%               148MiB / 62.13GiB     0.23%               0B / 0B             0B / 848kB          18
661bf6f5e612        etcd63              2.30%               165.6MiB / 62.13GiB   0.26%               0B / 0B             0B / 881kB          17
384b6cf5cb92        etcd62              2.90%               159.1MiB / 62.13GiB   0.25%               0B / 0B             0B / 926kB          18
a438be0f15da        etcd61              2.77%               177.8MiB / 62.13GiB   0.28%               0B / 0B             0B / 901kB          18
bf9dba68f0dd        etcd60              2.45%               156.8MiB / 62.13GiB   0.25%               0B / 0B             0B / 922kB          18
47bea37b47b1        etcd59              2.70%               176.3MiB / 62.13GiB   0.28%               0B / 0B             0B / 954kB          18
14f1078df4c2        etcd58              2.50%               205.8MiB / 62.13GiB   0.32%               0B / 0B             0B / 979kB          17
1eb048f6df74        etcd57              2.69%               155.2MiB / 62.13GiB   0.24%               0B / 0B             0B / 995kB          19
e2706045eed8        etcd56              2.61%               182.3MiB / 62.13GiB   0.29%               0B / 0B             0B / 954kB          17
226a780aa315        etcd55              2.41%               210.1MiB / 62.13GiB   0.33%               0B / 0B             0B / 995kB          18
3a31dffd5fa1        etcd54              2.00%               220.4MiB / 62.13GiB   0.35%               0B / 0B             0B / 1.04MB         18
997ccaeb037b        etcd53              2.66%               155.1MiB / 62.13GiB   0.24%               0B / 0B             0B / 1.05MB         17
6db9a9ebc598        etcd52              2.20%               253.6MiB / 62.13GiB   0.40%               0B / 0B             0B / 1.05MB         18
22e14a396c1c        etcd51              2.57%               237.9MiB / 62.13GiB   0.37%               0B / 0B             0B / 1.05MB         16
32cdd57d2af4        etcd50              2.80%               214.2MiB / 62.13GiB   0.34%               0B / 0B             0B / 1.08MB         17
42fe7079d508        etcd49              2.69%               182.9MiB / 62.13GiB   0.29%               0B / 0B             0B / 1.09MB         17
1ceedacb647d        etcd48              2.65%               229.3MiB / 62.13GiB   0.36%               0B / 0B             0B / 1.11MB         17
5b628f72e23f        etcd47              2.51%               166.1MiB / 62.13GiB   0.26%               0B / 0B             0B / 1.08MB         22
a3e8abbb6bf1        etcd46              2.48%               235.6MiB / 62.13GiB   0.37%               0B / 0B             0B / 1.1MB          18
01bddcf22cf4        etcd45              2.93%               207.3MiB / 62.13GiB   0.33%               0B / 0B             0B / 1.12MB         17
b207624f8aac        etcd44              3.05%               159.4MiB / 62.13GiB   0.25%               0B / 0B             0B / 1.11MB         18
e6a069e8bcd0        etcd43              2.42%               209.9MiB / 62.13GiB   0.33%               0B / 0B             0B / 1.11MB         18
1db3ab5627fa        etcd42              2.85%               214.3MiB / 62.13GiB   0.34%               0B / 0B             0B / 1.11MB         20
d2fbd041bd1f        etcd41              2.87%               216.3MiB / 62.13GiB   0.34%               0B / 0B             0B / 1.12MB         18
5c95ce7f4ec8        etcd40              3.08%               216.4MiB / 62.13GiB   0.34%               0B / 0B             0B / 1.14MB         18
24904bc6f99d        etcd39              2.68%               195.9MiB / 62.13GiB   0.31%               0B / 0B             0B / 1.1MB          19
0451afbccaf7        etcd38              2.66%               190.3MiB / 62.13GiB   0.30%               0B / 0B             0B / 1.14MB         18
f24cbd1531c3        etcd37              2.87%               194.2MiB / 62.13GiB   0.31%               0B / 0B             0B / 1.13MB         21
6c99533c8514        etcd36              2.50%               253.4MiB / 62.13GiB   0.40%               0B / 0B             0B / 1.13MB         19
3f10ce8c9df9        etcd35              2.68%               158.5MiB / 62.13GiB   0.25%               0B / 0B             0B / 1.12MB         18
82591acfdad2        etcd34              2.40%               178MiB / 62.13GiB     0.28%               0B / 0B             0B / 1.14MB         18
b843c5f40221        etcd33              2.85%               182.7MiB / 62.13GiB   0.29%               0B / 0B             0B / 1.14MB         18
1dd9cb42f97a        etcd32              2.53%               228.3MiB / 62.13GiB   0.36%               0B / 0B             0B / 1.13MB         17
a900989ab26c        etcd31              1.99%               225MiB / 62.13GiB     0.35%               0B / 0B             0B / 1.13MB         19
11f08cc071e9        etcd30              2.79%               220MiB / 62.13GiB     0.35%               0B / 0B             0B / 1.17MB         18
1f61c1c6fd60        etcd29              3.04%               231.5MiB / 62.13GiB   0.36%               0B / 0B             0B / 1.19MB         19
2381a9c9a085        etcd28              2.50%               273.8MiB / 62.13GiB   0.43%               0B / 0B             0B / 1.19MB         19
802a0fde6cc4        etcd27              2.21%               234.2MiB / 62.13GiB   0.37%               0B / 0B             0B / 1.18MB         19
ed89f75580cc        etcd26              1.87%               240.2MiB / 62.13GiB   0.38%               0B / 0B             0B / 1.16MB         19
1c9273fcf05a        etcd25              2.46%               231.9MiB / 62.13GiB   0.36%               0B / 0B             0B / 1.18MB         18
11cef25f2e66        etcd24              3.24%               292.8MiB / 62.13GiB   0.46%               0B / 0B             0B / 1.18MB         20
628c1a16d2f9        etcd23              4.00%               255MiB / 62.13GiB     0.40%               0B / 0B             0B / 1.16MB         20
bc0dd0803d8d        etcd22              2.30%               289.5MiB / 62.13GiB   0.46%               0B / 0B             0B / 1.19MB         18
fd77c5a253cb        etcd21              1.45%               227.7MiB / 62.13GiB   0.36%               0B / 0B             0B / 1.15MB         18
cd8af97946b8        etcd20              2.48%               283.3MiB / 62.13GiB   0.45%               0B / 0B             0B / 1.22MB         19
ff0072f36f32        etcd19              1.70%               288.2MiB / 62.13GiB   0.45%               0B / 0B             0B / 1.21MB         20
1c6d23da7abc        etcd18              2.50%               272.5MiB / 62.13GiB   0.43%               0B / 0B             0B / 1.22MB         18
8372aed432d4        etcd17              4.62%               310.7MiB / 62.13GiB   0.49%               0B / 0B             0B / 1.22MB         19
d9176dc12d84        etcd16              3.29%               278.6MiB / 62.13GiB   0.44%               0B / 0B             0B / 1.21MB         17
7bd570cccd99        etcd15              2.04%               251.7MiB / 62.13GiB   0.40%               0B / 0B             0B / 1.22MB         17
d8673f7c6363        etcd14              2.55%               300.3MiB / 62.13GiB   0.47%               0B / 0B             0B / 1.22MB         18
ffe2e16c8cff        etcd13              2.42%               260.7MiB / 62.13GiB   0.41%               0B / 0B             0B / 1.22MB         19
4b816c63c9b0        etcd12              1.16%               259.2MiB / 62.13GiB   0.41%               0B / 0B             0B / 1.26MB         18
d850618a12e1        etcd11              2.34%               293.1MiB / 62.13GiB   0.46%               0B / 0B             0B / 1.2MB          17
577c1c82788c        etcd10              3.49%               302.2MiB / 62.13GiB   0.47%               0B / 0B             0B / 1.23MB         19
835a9133f4d8        etcd9               3.33%               344.6MiB / 62.13GiB   0.54%               0B / 0B             0B / 1.2MB          17
0b353f8cea6a        etcd8               3.08%               315.3MiB / 62.13GiB   0.50%               0B / 0B             0B / 1.21MB         18
03f2d9476a6c        etcd7               12.71%              428.6MiB / 62.13GiB   0.67%               0B / 0B             0B / 1.16MB         24
66ab80b06b81        etcd6               2.66%               269.7MiB / 62.13GiB   0.42%               0B / 0B             0B / 1.26MB         18
17b1107f532a        etcd5               1.13%               290.4MiB / 62.13GiB   0.46%               0B / 0B             0B / 1.25MB         18
a0292a1af9fc        etcd4               2.43%               288MiB / 62.13GiB     0.45%               0B / 0B             0B / 1.23MB         18
5592eb3b1207        etcd3               2.55%               272.1MiB / 62.13GiB   0.43%               0B / 0B             0B / 1.22MB         19
3bfb37619821        etcd2               2.63%               278.7MiB / 62.13GiB   0.44%               0B / 0B             0B / 1.24MB         18
d45162a3bdc3        etcd1               2.17%               288.8MiB / 62.13GiB   0.45%               0B / 0B             0B / 1.27MB         17
5f1024a82cc2        etcd0               4.34%               289.2MiB / 62.13GiB   0.45%               0B / 0B             0B / 1.25MB         17
Percentage Leaving 40%
CONTAINER ID        NAME                CPU %               MEM USAGE / LIMIT     MEM %               NET I/O             BLOCK I/O           PIDS
a5cd4cef13cb        etcd99              2.99%               57.71MiB / 62.13GiB   0.09%               0B / 0B             0B / 451kB          18
f63c3792e82d        etcd98              3.26%               57.84MiB / 62.13GiB   0.09%               0B / 0B             0B / 471kB          14
d262d1e6cfe5        etcd97              2.67%               57.93MiB / 62.13GiB   0.09%               0B / 0B             0B / 537kB          18
ddb46ba29f10        etcd96              2.58%               52.88MiB / 62.13GiB   0.08%               0B / 0B             0B / 545kB          16
38b2c86e4c3a        etcd95              2.37%               58.28MiB / 62.13GiB   0.09%               0B / 0B             0B / 528kB          17
9495dba1e96c        etcd94              2.65%               58.46MiB / 62.13GiB   0.09%               0B / 0B             0B / 582kB          21
10f885725740        etcd93              2.77%               58.18MiB / 62.13GiB   0.09%               0B / 0B             0B / 610kB          17
2379c30b0436        etcd92              2.64%               66.58MiB / 62.13GiB   0.10%               0B / 0B             0B / 557kB          19
3beacb1782db        etcd91              3.00%               66.8MiB / 62.13GiB    0.10%               0B / 0B             0B / 651kB          17
b089f210b02d        etcd90              2.73%               70.44MiB / 62.13GiB   0.11%               0B / 0B             0B / 578kB          17
92b188da71d8        etcd89              2.43%               77.58MiB / 62.13GiB   0.12%               0B / 0B             0B / 635kB          17
d853c6f8cd0f        etcd88              3.25%               76.27MiB / 62.13GiB   0.12%               0B / 0B             0B / 618kB          17
ef593a9e0c7b        etcd87              2.69%               79.15MiB / 62.13GiB   0.12%               0B / 0B             0B / 651kB          17
a1346c450449        etcd86              2.77%               75.22MiB / 62.13GiB   0.12%               0B / 0B             0B / 672kB          17
caaea1182d2d        etcd85              2.56%               80.46MiB / 62.13GiB   0.13%               0B / 0B             0B / 668kB          20
2a5c26e8f3c0        etcd84              2.71%               79.06MiB / 62.13GiB   0.12%               0B / 0B             0B / 668kB          19
acdd21055bad        etcd83              2.62%               75.55MiB / 62.13GiB   0.12%               0B / 0B             0B / 647kB          18
a1b468687587        etcd82              2.64%               83.84MiB / 62.13GiB   0.13%               0B / 0B             0B / 639kB          19
ae3e19e989fd        etcd81              2.52%               85.25MiB / 62.13GiB   0.13%               0B / 0B             0B / 696kB          19
f7b00263a849        etcd80              2.46%               103MiB / 62.13GiB     0.16%               0B / 0B             0B / 713kB          19
9fa303097887        etcd79              2.27%               109.7MiB / 62.13GiB   0.17%               0B / 0B             0B / 737kB          19
284cb4944748        etcd78              2.91%               101.4MiB / 62.13GiB   0.16%               0B / 0B             0B / 717kB          19
c460f73c470c        etcd77              2.70%               89.12MiB / 62.13GiB   0.14%               0B / 0B             0B / 688kB          19
ed36fb0bf2af        etcd76              2.65%               113.2MiB / 62.13GiB   0.18%               0B / 0B             0B / 754kB          18
7f99f0c6e181        etcd75              2.72%               119.4MiB / 62.13GiB   0.19%               0B / 0B             0B / 758kB          19
d29fb593f447        etcd74              2.72%               130.9MiB / 62.13GiB   0.21%               0B / 0B             0B / 807kB          21
23fd755d078b        etcd73              2.79%               129.2MiB / 62.13GiB   0.20%               0B / 0B             0B / 725kB          19
8bc990d6d3e5        etcd72              2.44%               128.7MiB / 62.13GiB   0.20%               0B / 0B             0B / 811kB          20
12d507485701        etcd71              2.63%               133.1MiB / 62.13GiB   0.21%               0B / 0B             0B / 811kB          17
5df048f463ed        etcd70              2.56%               137.9MiB / 62.13GiB   0.22%               0B / 0B             0B / 811kB          18
01f7418f6773        etcd69              27.51%              165.1MiB / 62.13GiB   0.26%               0B / 0B             0B / 864kB          20
b47e8ce0b5eb        etcd68              2.88%               139MiB / 62.13GiB     0.22%               0B / 0B             0B / 864kB          19
7c93b3bd97a3        etcd67              2.38%               146.6MiB / 62.13GiB   0.23%               0B / 0B             0B / 852kB          18
82cb431819c0        etcd66              2.44%               150.1MiB / 62.13GiB   0.24%               0B / 0B             0B / 868kB          18
f39c2644cacf        etcd65              3.04%               163.9MiB / 62.13GiB   0.26%               0B / 0B             0B / 864kB          18
f8c9da8fc87e        etcd64              2.98%               161.5MiB / 62.13GiB   0.25%               0B / 0B             0B / 889kB          17
2b746987cff3        etcd63              2.97%               145.7MiB / 62.13GiB   0.23%               0B / 0B             0B / 922kB          17
c5faf1741dca        etcd62              2.33%               177.1MiB / 62.13GiB   0.28%               0B / 0B             0B / 922kB          16
91f0565ede61        etcd61              2.55%               237.9MiB / 62.13GiB   0.37%               0B / 0B             0B / 893kB          22
6caad1a3b122        etcd60              2.85%               155.5MiB / 62.13GiB   0.24%               0B / 0B             0B / 918kB          18
6d56abd0807d        etcd59              2.63%               201.8MiB / 62.13GiB   0.32%               0B / 0B             0B / 897kB          17
97efa7ce8bd3        etcd58              2.77%               215MiB / 62.13GiB     0.34%               0B / 0B             0B / 971kB          18
cea6a3c81b42        etcd57              2.78%               215MiB / 62.13GiB     0.34%               0B / 0B             0B / 950kB          17
374c55f346ab        etcd56              2.42%               196.2MiB / 62.13GiB   0.31%               0B / 0B             0B / 934kB          17
666e70fff31b        etcd55              2.40%               227.7MiB / 62.13GiB   0.36%               0B / 0B             0B / 983kB          17
f67a518d4f1a        etcd54              2.88%               198.6MiB / 62.13GiB   0.31%               0B / 0B             0B / 1.03MB         17
c80baddebb66        etcd53              2.77%               218.6MiB / 62.13GiB   0.34%               0B / 0B             0B / 1.03MB         17
f09cd3ac6f87        etcd52              3.27%               188.7MiB / 62.13GiB   0.30%               0B / 0B             0B / 1.02MB         19
e2d74a1a5bb8        etcd51              2.65%               175.9MiB / 62.13GiB   0.28%               0B / 0B             0B / 979kB          18
905631b2d4c9        etcd50              2.76%               185.9MiB / 62.13GiB   0.29%               0B / 0B             0B / 1.02MB         18
f772f2170e3a        etcd49              2.92%               208.9MiB / 62.13GiB   0.33%               0B / 0B             0B / 1.04MB         18
cd53440e870d        etcd48              3.16%               207.2MiB / 62.13GiB   0.33%               0B / 0B             0B / 1.05MB         17
cbced6375ddb        etcd47              3.11%               250.9MiB / 62.13GiB   0.39%               0B / 0B             0B / 1.05MB         18
99954df480ca        etcd46              3.01%               219.3MiB / 62.13GiB   0.34%               0B / 0B             0B / 1.02MB         16
a482b062a38c        etcd45              2.12%               161.3MiB / 62.13GiB   0.25%               0B / 0B             0B / 1.03MB         18
849d9d78e343        etcd44              2.85%               205.8MiB / 62.13GiB   0.32%               0B / 0B             0B / 1.07MB         18
a0ec287f0e55        etcd43              2.60%               222.5MiB / 62.13GiB   0.35%               0B / 0B             0B / 1.04MB         18
655ec4aa6c22        etcd42              2.43%               206MiB / 62.13GiB     0.32%               0B / 0B             0B / 1.04MB         18
65db20d37554        etcd41              2.95%               173.3MiB / 62.13GiB   0.27%               0B / 0B             0B / 1.08MB         17
2ba42e83bad5        etcd40              2.44%               209.3MiB / 62.13GiB   0.33%               0B / 0B             0B / 1.08MB         17
a403d3da9cfd        etcd39              3.09%               279.5MiB / 62.13GiB   0.44%               0B / 0B             0B / 1.03MB         21
71ef39e0901c        etcd38              2.86%               227.3MiB / 62.13GiB   0.36%               0B / 0B             0B / 1.06MB         20
658ae07d8cdc        etcd37              2.91%               166MiB / 62.13GiB     0.26%               0B / 0B             0B / 1.07MB         18
275a64a7b6f9        etcd36              2.15%               175.2MiB / 62.13GiB   0.28%               0B / 0B             0B / 1.06MB         17
721bd7b3caea        etcd35              2.40%               177.9MiB / 62.13GiB   0.28%               0B / 0B             0B / 1.1MB          19
0e891c9c3ae2        etcd34              3.11%               236.7MiB / 62.13GiB   0.37%               0B / 0B             0B / 1.1MB          18
4664c67dcd2e        etcd33              2.81%               190.2MiB / 62.13GiB   0.30%               0B / 0B             0B / 1.06MB         18
3fbbd821326a        etcd32              1.91%               199.4MiB / 62.13GiB   0.31%               0B / 0B             0B / 1.08MB         17
9f7cdd982077        etcd31              1.99%               198.5MiB / 62.13GiB   0.31%               0B / 0B             0B / 1.08MB         19
9ad06bb8761e        etcd30              2.27%               200.3MiB / 62.13GiB   0.31%               0B / 0B             0B / 1.08MB         18
030dcd08e3ec        etcd29              3.39%               215.3MiB / 62.13GiB   0.34%               0B / 0B             0B / 1.1MB          18
c168662d4466        etcd28              3.02%               250.7MiB / 62.13GiB   0.39%               0B / 0B             0B / 1.11MB         18
726c8d8a8294        etcd27              1.85%               221MiB / 62.13GiB     0.35%               0B / 0B             0B / 1.16MB         18
318c6d9e5f1e        etcd26              11.15%              260.8MiB / 62.13GiB   0.41%               0B / 0B             0B / 1.11MB         25
20eb78428f6b        etcd25              1.88%               232.3MiB / 62.13GiB   0.37%               0B / 0B             0B / 1.06MB         17
5e81e98da9fe        etcd24              3.66%               265.6MiB / 62.13GiB   0.42%               0B / 0B             0B / 1.13MB         18
e11a5ab5d333        etcd23              4.15%               285.5MiB / 62.13GiB   0.45%               0B / 0B             0B / 1.14MB         19
1efbbc001d9f        etcd22              2.01%               258.1MiB / 62.13GiB   0.41%               0B / 0B             0B / 1.14MB         18
5b9934489eaa        etcd21              2.30%               261.3MiB / 62.13GiB   0.41%               0B / 0B             0B / 1.15MB         25
484997c2b5f5        etcd20              1.75%               264.8MiB / 62.13GiB   0.42%               0B / 0B             0B / 1.13MB         19
678386fab28b        etcd19              1.81%               237.6MiB / 62.13GiB   0.37%               0B / 0B             0B / 1.16MB         21
00afb5b47430        etcd18              3.24%               285.5MiB / 62.13GiB   0.45%               0B / 0B             0B / 1.17MB         18
e9d231a5c212        etcd17              3.47%               291.4MiB / 62.13GiB   0.46%               0B / 0B             0B / 1.17MB         17
f7839c933e18        etcd16              3.54%               248MiB / 62.13GiB     0.39%               0B / 0B             0B / 1.19MB         18
70004d08f7d5        etcd15              2.87%               292.4MiB / 62.13GiB   0.46%               0B / 0B             0B / 1.18MB         18
ae43421b5fe2        etcd14              2.56%               257.9MiB / 62.13GiB   0.41%               0B / 0B             0B / 1.18MB         17
d245d54fb432        etcd13              1.09%               314.1MiB / 62.13GiB   0.49%               0B / 0B             0B / 1.18MB         20
713fd91982ac        etcd12              2.88%               300.8MiB / 62.13GiB   0.47%               0B / 0B             0B / 1.17MB         17
a30bce61d5fc        etcd11              2.59%               295.4MiB / 62.13GiB   0.46%               0B / 0B             0B / 1.14MB         18
dbcb880b10b6        etcd10              1.32%               298.1MiB / 62.13GiB   0.47%               0B / 0B             0B / 1.14MB         18
76cb861cc10b        etcd9               3.98%               282.1MiB / 62.13GiB   0.44%               0B / 0B             0B / 1.16MB         18
88abf27a0b26        etcd8               4.77%               289.8MiB / 62.13GiB   0.46%               0B / 0B             0B / 1.18MB         18
5911a0f05fda        etcd7               2.50%               302.3MiB / 62.13GiB   0.48%               0B / 0B             0B / 1.21MB         18
39a1050b0796        etcd6               1.01%               284.1MiB / 62.13GiB   0.45%               0B / 0B             0B / 1.15MB         18
ecb2f529f10d        etcd5               2.75%               294.7MiB / 62.13GiB   0.46%               0B / 0B             0B / 1.18MB         18
7cca79aa5452        etcd4               3.04%               271.8MiB / 62.13GiB   0.43%               0B / 0B             0B / 1.18MB         18
9a3478c2a60b        etcd3               2.77%               286.8MiB / 62.13GiB   0.45%               0B / 0B             0B / 1.19MB         18
7792cf62b2b0        etcd2               1.11%               284.8MiB / 62.13GiB   0.45%               0B / 0B             0B / 1.24MB         19
271c7e2bb348        etcd1               2.43%               295.9MiB / 62.13GiB   0.47%               0B / 0B             0B / 1.19MB         19
0e0c79addac4        etcd0               4.25%               297MiB / 62.13GiB     0.47%               0B / 0B             0B / 1.18MB         20
Percentage Leaving 60%
CONTAINER ID        NAME                CPU %               MEM USAGE / LIMIT     MEM %               NET I/O             BLOCK I/O           PIDS
568a858a2757        etcd99              2.97%               59.85MiB / 62.13GiB   0.09%               0B / 0B             0B / 479kB          17
82cb667e6ee2        etcd98              3.12%               59.55MiB / 62.13GiB   0.09%               0B / 0B             0B / 479kB          18
327167b239a8        etcd97              2.73%               60.46MiB / 62.13GiB   0.10%               0B / 0B             0B / 504kB          22
6343323b0582        etcd96              2.51%               54.52MiB / 62.13GiB   0.09%               0B / 0B             0B / 541kB          18
e151787678fa        etcd95              2.68%               59.38MiB / 62.13GiB   0.09%               0B / 0B             0B / 561kB          20
1d9f37c8318f        etcd94              2.14%               63.85MiB / 62.13GiB   0.10%               0B / 0B             0B / 516kB          19
f6868dda09d5        etcd93              2.63%               63.18MiB / 62.13GiB   0.10%               0B / 0B             0B / 545kB          17
d93ef950f12a        etcd92              2.83%               73.96MiB / 62.13GiB   0.12%               0B / 0B             0B / 553kB          17
71eb96f93418        etcd91              2.62%               76.88MiB / 62.13GiB   0.12%               0B / 0B             0B / 598kB          18
db59ef3091dd        etcd90              3.02%               86.93MiB / 62.13GiB   0.14%               0B / 0B             0B / 545kB          19
d009461bea91        etcd89              2.35%               118.2MiB / 62.13GiB   0.19%               0B / 0B             0B / 569kB          17
9b25b6aa6774        etcd88              2.72%               74.33MiB / 62.13GiB   0.12%               0B / 0B             0B / 578kB          17
0935bdb2797d        etcd87              2.46%               69.22MiB / 62.13GiB   0.11%               0B / 0B             0B / 598kB          19
2505551cd271        etcd86              2.67%               76.11MiB / 62.13GiB   0.12%               0B / 0B             0B / 578kB          20
ea251c4693b9        etcd85              2.82%               101.5MiB / 62.13GiB   0.16%               0B / 0B             0B / 582kB          18
a45efaee6a26        etcd84              3.04%               77.84MiB / 62.13GiB   0.12%               0B / 0B             0B / 618kB          21
cc8b40a10920        etcd83              2.96%               73.74MiB / 62.13GiB   0.12%               0B / 0B             0B / 610kB          19
2b1f10279c2b        etcd82              2.63%               122.4MiB / 62.13GiB   0.19%               0B / 0B             0B / 651kB          18
1b0ee62387fa        etcd81              2.49%               92.36MiB / 62.13GiB   0.15%               0B / 0B             0B / 647kB          18
699a4bd6aafc        etcd80              2.72%               88.23MiB / 62.13GiB   0.14%               0B / 0B             0B / 655kB          20
583ea229a57c        etcd79              2.62%               84.68MiB / 62.13GiB   0.13%               0B / 0B             0B / 672kB          21
33b7702b8c1c        etcd78              2.72%               95.78MiB / 62.13GiB   0.15%               0B / 0B             0B / 664kB          21
06ebcd0db30f        etcd77              2.60%               96.68MiB / 62.13GiB   0.15%               0B / 0B             0B / 676kB          19
d1cdb4878be9        etcd76              2.44%               121.2MiB / 62.13GiB   0.19%               0B / 0B             0B / 692kB          19
0aa8b4ada341        etcd75              3.00%               113.1MiB / 62.13GiB   0.18%               0B / 0B             0B / 745kB          18
e6f8ebbf5c7f        etcd74              3.02%               124.5MiB / 62.13GiB   0.20%               0B / 0B             0B / 729kB          18
dd8f8e15f2f3        etcd73              2.15%               115.7MiB / 62.13GiB   0.18%               0B / 0B             0B / 770kB          22
301aede2502a        etcd72              2.48%               124.7MiB / 62.13GiB   0.20%               0B / 0B             0B / 737kB          18
2cf995745f18        etcd71              2.54%               128.4MiB / 62.13GiB   0.20%               0B / 0B             0B / 786kB          18
da4d3e39aaf9        etcd70              2.87%               142.6MiB / 62.13GiB   0.22%               0B / 0B             0B / 803kB          17
8c81c2a3e51a        etcd69              2.50%               130MiB / 62.13GiB     0.20%               0B / 0B             0B / 770kB          18
0f6adc2048d3        etcd68              2.27%               138.6MiB / 62.13GiB   0.22%               0B / 0B             0B / 840kB          21
9338b3bf423a        etcd67              2.14%               148.5MiB / 62.13GiB   0.23%               0B / 0B             0B / 840kB          18
056976906f67        etcd66              2.77%               147MiB / 62.13GiB     0.23%               0B / 0B             0B / 831kB          17
eea396e367cd        etcd65              2.46%               153.4MiB / 62.13GiB   0.24%               0B / 0B             0B / 856kB          18
419de56f124d        etcd64              2.66%               163.5MiB / 62.13GiB   0.26%               0B / 0B             0B / 831kB          17
6159c12ece71        etcd63              2.77%               164.8MiB / 62.13GiB   0.26%               0B / 0B             0B / 852kB          20
b7fc4928292a        etcd62              2.83%               185.4MiB / 62.13GiB   0.29%               0B / 0B             0B / 901kB          17
69c1624e1ee6        etcd61              2.63%               169.4MiB / 62.13GiB   0.27%               0B / 0B             0B / 918kB          18
40fbca262dd0        etcd60              2.68%               192MiB / 62.13GiB     0.30%               0B / 0B             0B / 930kB          18
ce9e5b6c9649        etcd59              2.74%               180.9MiB / 62.13GiB   0.28%               0B / 0B             0B / 909kB          18
a5e403b9bce0        etcd58              2.98%               203.2MiB / 62.13GiB   0.32%               0B / 0B             0B / 930kB          18
189bcbdbec63        etcd57              2.61%               165.2MiB / 62.13GiB   0.26%               0B / 0B             0B / 967kB          19
342cbde8919b        etcd56              2.49%               205.6MiB / 62.13GiB   0.32%               0B / 0B             0B / 979kB          17
658bef7d8ae7        etcd55              2.60%               192.4MiB / 62.13GiB   0.30%               0B / 0B             0B / 1.02MB         19
6221ce6f9cb7        etcd54              2.80%               188.7MiB / 62.13GiB   0.30%               0B / 0B             0B / 1.05MB         18
90619a6971fb        etcd53              2.38%               220.9MiB / 62.13GiB   0.35%               0B / 0B             0B / 1.06MB         17
862c1cd20d44        etcd52              2.82%               234.3MiB / 62.13GiB   0.37%               0B / 0B             0B / 1.08MB         18
5e77e7969472        etcd51              2.56%               201.1MiB / 62.13GiB   0.32%               0B / 0B             0B / 1.07MB         19
0f84232eaf9e        etcd50              2.75%               204.5MiB / 62.13GiB   0.32%               0B / 0B             0B / 1.07MB         17
528c4b509920        etcd49              2.27%               263.9MiB / 62.13GiB   0.41%               0B / 0B             0B / 1.07MB         18
adc548fd104e        etcd48              2.47%               239.1MiB / 62.13GiB   0.38%               0B / 0B             0B / 1.08MB         19
761a1f4530ae        etcd47              2.57%               235.8MiB / 62.13GiB   0.37%               0B / 0B             0B / 1.11MB         18
571e5926d14e        etcd46              3.00%               242.6MiB / 62.13GiB   0.38%               0B / 0B             0B / 1.06MB         19
2721e0455a1a        etcd45              2.59%               204.2MiB / 62.13GiB   0.32%               0B / 0B             0B / 1.13MB         18
783a12fd2276        etcd44              2.18%               247.2MiB / 62.13GiB   0.39%               0B / 0B             0B / 1.14MB         17
2a1a1a1900d8        etcd43              2.57%               233.7MiB / 62.13GiB   0.37%               0B / 0B             0B / 1.13MB         19
9859345a45be        etcd42              2.81%               214.7MiB / 62.13GiB   0.34%               0B / 0B             0B / 1.13MB         16
e0b3ff71f583        etcd41              2.91%               146.1MiB / 62.13GiB   0.23%               0B / 0B             0B / 1.12MB         18
699e79add9f4        etcd40              2.38%               183.9MiB / 62.13GiB   0.29%               0B / 0B             0B / 1.14MB         18
dfbb7be32378        etcd39              2.63%               229.3MiB / 62.13GiB   0.36%               0B / 0B             0B / 1.14MB         18
79586edd0263        etcd38              2.44%               175.7MiB / 62.13GiB   0.28%               0B / 0B             0B / 1.13MB         17
8d4cf2685f30        etcd37              2.52%               164.6MiB / 62.13GiB   0.26%               0B / 0B             0B / 1.13MB         17
fac71f0d5126        etcd36              2.72%               181.2MiB / 62.13GiB   0.28%               0B / 0B             0B / 1.15MB         18
e0708a4ba897        etcd35              2.47%               165.1MiB / 62.13GiB   0.26%               0B / 0B             0B / 1.13MB         18
42aeeaa426db        etcd34              2.37%               270.8MiB / 62.13GiB   0.43%               0B / 0B             0B / 1.13MB         19
8b1c813bc6d9        etcd33              1.98%               273.7MiB / 62.13GiB   0.43%               0B / 0B             0B / 1.16MB         18
26ca8b1dfde1        etcd32              3.27%               204.1MiB / 62.13GiB   0.32%               0B / 0B             0B / 1.2MB          18
9299d6b84f60        etcd31              2.59%               192.4MiB / 62.13GiB   0.30%               0B / 0B             0B / 1.17MB         18
fc15cdcef58f        etcd30              2.67%               230MiB / 62.13GiB     0.36%               0B / 0B             0B / 1.18MB         19
b75abcc32a9e        etcd29              1.93%               211.8MiB / 62.13GiB   0.33%               0B / 0B             0B / 1.19MB         17
b336ccf98065        etcd28              10.83%              313.9MiB / 62.13GiB   0.49%               0B / 0B             0B / 1.06MB         25
50008b086a4c        etcd27              2.99%               242.6MiB / 62.13GiB   0.38%               0B / 0B             0B / 1.19MB         18
0babf91d7608        etcd26              3.85%               237.7MiB / 62.13GiB   0.37%               0B / 0B             0B / 1.2MB          19
d3cc61fa3ebd        etcd25              3.21%               265.4MiB / 62.13GiB   0.42%               0B / 0B             0B / 1.18MB         19
806956439d78        etcd24              1.74%               200.1MiB / 62.13GiB   0.31%               0B / 0B             0B / 1.2MB          20
806fa1e99888        etcd23              1.65%               285.2MiB / 62.13GiB   0.45%               0B / 0B             0B / 1.2MB          18
3f1688ca240c        etcd22              2.37%               240.9MiB / 62.13GiB   0.38%               0B / 0B             0B / 1.22MB         18
f7481c9e5272        etcd21              1.35%               298MiB / 62.13GiB     0.47%               0B / 0B             0B / 1.22MB         17
4a81f2c6eaec        etcd20              4.53%               301.8MiB / 62.13GiB   0.47%               0B / 0B             0B / 1.2MB          17
59eb76eca921        etcd19              3.73%               274.7MiB / 62.13GiB   0.43%               0B / 0B             0B / 1.22MB         20
7a2895d8b9d9        etcd18              1.50%               270.8MiB / 62.13GiB   0.43%               0B / 0B             0B / 1.22MB         17
87e9e3fa6d79        etcd17              2.58%               272.2MiB / 62.13GiB   0.43%               0B / 0B             0B / 1.24MB         19
80769a1005c8        etcd16              2.04%               260.3MiB / 62.13GiB   0.41%               0B / 0B             0B / 1.23MB         22
fa5367d7f669        etcd15              1.13%               320.1MiB / 62.13GiB   0.50%               0B / 0B             0B / 1.25MB         18
316884b236e4        etcd14              2.54%               260.6MiB / 62.13GiB   0.41%               0B / 0B             0B / 1.24MB         20
1118ce77f29f        etcd13              4.35%               300.4MiB / 62.13GiB   0.47%               0B / 0B             0B / 1.21MB         19
66be7d7c35c8        etcd12              3.02%               273.6MiB / 62.13GiB   0.43%               0B / 0B             0B / 1.22MB         18
bf8ee7ed6fa3        etcd11              3.64%               279.1MiB / 62.13GiB   0.44%               0B / 0B             0B / 1.24MB         17
e0d540a4c318        etcd10              2.75%               259.4MiB / 62.13GiB   0.41%               0B / 0B             0B / 1.26MB         19
2266618e770f        etcd9               2.27%               340.9MiB / 62.13GiB   0.54%               0B / 0B             0B / 1.23MB         17
b2add5b74602        etcd8               1.16%               379.3MiB / 62.13GiB   0.60%               0B / 0B             0B / 1.24MB         17
d41f938f6c62        etcd7               2.52%               277.7MiB / 62.13GiB   0.44%               0B / 0B             0B / 1.22MB         18
2370878d1594        etcd6               2.46%               298.5MiB / 62.13GiB   0.47%               0B / 0B             0B / 1.27MB         17
3e8064bbb865        etcd5               1.16%               280.5MiB / 62.13GiB   0.44%               0B / 0B             0B / 1.25MB         18
bf526009c8e9        etcd4               3.59%               321.5MiB / 62.13GiB   0.51%               0B / 0B             0B / 1.26MB         19
a668e0feb53b        etcd3               4.23%               287.2MiB / 62.13GiB   0.45%               0B / 0B             0B / 1.25MB         18
fe9e36516201        etcd2               2.53%               285MiB / 62.13GiB     0.45%               0B / 0B             0B / 1.27MB         20
acc13eb439c1        etcd1               1.08%               287.3MiB / 62.13GiB   0.45%               0B / 0B             0B / 1.23MB         17
62504031e94e        etcd0               1.87%               292.1MiB / 62.13GiB   0.46%               0B / 0B             0B / 1.24MB         18
Percentage Leaving 80%
CONTAINER ID        NAME                CPU %               MEM USAGE / LIMIT     MEM %               NET I/O             BLOCK I/O           PIDS
56ec70bf8f26        etcd99              3.12%               58.01MiB / 62.13GiB   0.09%               0B / 0B             0B / 483kB          14
8a1b02d1db6e        etcd98              2.84%               58.15MiB / 62.13GiB   0.09%               0B / 0B             0B / 492kB          15
4c6081b96e7c        etcd97              1.95%               57.37MiB / 62.13GiB   0.09%               0B / 0B             0B / 532kB          14
76b31cccb3eb        etcd96              2.46%               54.51MiB / 62.13GiB   0.09%               0B / 0B             0B / 561kB          17
c6059029d68c        etcd95              2.61%               59.4MiB / 62.13GiB    0.09%               0B / 0B             0B / 549kB          15
eafa7d473e70        etcd94              3.02%               60.97MiB / 62.13GiB   0.10%               0B / 0B             0B / 553kB          18
3716dee94d82        etcd93              3.09%               67.6MiB / 62.13GiB    0.11%               0B / 0B             0B / 594kB          18
a3895d995b65        etcd92              2.66%               70.36MiB / 62.13GiB   0.11%               0B / 0B             0B / 569kB          18
9674791d64a9        etcd91              2.66%               87.88MiB / 62.13GiB   0.14%               0B / 0B             0B / 631kB          17
961cf5483809        etcd90              2.60%               70.7MiB / 62.13GiB    0.11%               0B / 0B             0B / 618kB          22
52ba4147de26        etcd89              2.52%               72.14MiB / 62.13GiB   0.11%               0B / 0B             0B / 569kB          17
fcaecb1d68ab        etcd88              2.94%               81.95MiB / 62.13GiB   0.13%               0B / 0B             0B / 610kB          18
22d0367b2502        etcd87              2.81%               91.73MiB / 62.13GiB   0.14%               0B / 0B             0B / 586kB          19
b88ef41b41a0        etcd86              2.63%               72.53MiB / 62.13GiB   0.11%               0B / 0B             0B / 578kB          18
613b4ed021f8        etcd85              2.91%               76.64MiB / 62.13GiB   0.12%               0B / 0B             0B / 573kB          19
98fc0b21b9eb        etcd84              3.05%               99.45MiB / 62.13GiB   0.16%               0B / 0B             0B / 627kB          21
ef34372b3c51        etcd83              2.42%               83.93MiB / 62.13GiB   0.13%               0B / 0B             0B / 672kB          17
1c37fe1ee1c0        etcd82              2.59%               82.84MiB / 62.13GiB   0.13%               0B / 0B             0B / 664kB          18
0df4f72f9ecd        etcd81              2.68%               90.92MiB / 62.13GiB   0.14%               0B / 0B             0B / 655kB          21
5e8585bf1a08        etcd80              2.55%               114.6MiB / 62.13GiB   0.18%               0B / 0B             0B / 684kB          21
5c6840a0c964        etcd79              2.48%               121.5MiB / 62.13GiB   0.19%               0B / 0B             0B / 741kB          19
95c118d09c98        etcd78              2.66%               107.4MiB / 62.13GiB   0.17%               0B / 0B             0B / 725kB          18
fb62f5e3ab71        etcd77              2.84%               103.3MiB / 62.13GiB   0.16%               0B / 0B             0B / 737kB          21
0b8c9f511db6        etcd76              3.08%               100.6MiB / 62.13GiB   0.16%               0B / 0B             0B / 774kB          19
471a718c85f3        etcd75              2.93%               111.5MiB / 62.13GiB   0.18%               0B / 0B             0B / 762kB          20
54ba18dfdf14        etcd74              2.58%               104.3MiB / 62.13GiB   0.16%               0B / 0B             0B / 729kB          20
ea362b590904        etcd73              2.59%               120.5MiB / 62.13GiB   0.19%               0B / 0B             0B / 778kB          22
1f209bea5539        etcd72              2.19%               119.8MiB / 62.13GiB   0.19%               0B / 0B             0B / 799kB          19
036c1d28a74c        etcd71              2.45%               135.6MiB / 62.13GiB   0.21%               0B / 0B             0B / 811kB          20
6e95187355fa        etcd70              2.66%               145.3MiB / 62.13GiB   0.23%               0B / 0B             0B / 831kB          19
b95c750cdc1d        etcd69              2.51%               143.9MiB / 62.13GiB   0.23%               0B / 0B             0B / 823kB          19
dedee5fa0b36        etcd68              2.42%               139.2MiB / 62.13GiB   0.22%               0B / 0B             0B / 815kB          18
d349d437d2d7        etcd67              2.64%               111.4MiB / 62.13GiB   0.18%               0B / 0B             0B / 885kB          17
11a664ba7d69        etcd66              2.21%               155.2MiB / 62.13GiB   0.24%               0B / 0B             0B / 844kB          17
f1e1741c6094        etcd65              2.84%               143.5MiB / 62.13GiB   0.23%               0B / 0B             0B / 877kB          19
c1b447d187ac        etcd64              2.79%               159.8MiB / 62.13GiB   0.25%               0B / 0B             0B / 877kB          17
0017e3f037e1        etcd63              2.69%               165MiB / 62.13GiB     0.26%               0B / 0B             0B / 897kB          18
d5312a3ab727        etcd62              2.65%               181.6MiB / 62.13GiB   0.29%               0B / 0B             0B / 901kB          16
6169315fcff2        etcd61              2.83%               175.6MiB / 62.13GiB   0.28%               0B / 0B             0B / 934kB          17
3f4fbf60fe75        etcd60              2.66%               188.6MiB / 62.13GiB   0.30%               0B / 0B             0B / 967kB          17
680b3badbd06        etcd59              2.94%               167.1MiB / 62.13GiB   0.26%               0B / 0B             0B / 975kB          18
a5e8d3cabac1        etcd58              2.41%               183.6MiB / 62.13GiB   0.29%               0B / 0B             0B / 942kB          18
b734ae24dea8        etcd57              2.80%               167.7MiB / 62.13GiB   0.26%               0B / 0B             0B / 1.02MB         16
06a66bb36c58        etcd56              2.52%               213.8MiB / 62.13GiB   0.34%               0B / 0B             0B / 1.01MB         16
b8abf1d73268        etcd55              2.22%               217.2MiB / 62.13GiB   0.34%               0B / 0B             0B / 1.02MB         18
ec9f4e26d2aa        etcd54              2.68%               182.2MiB / 62.13GiB   0.29%               0B / 0B             0B / 1.04MB         18
ea530c566963        etcd53              2.95%               232.6MiB / 62.13GiB   0.37%               0B / 0B             0B / 1.06MB         18
fc764b1d4444        etcd52              3.00%               194.1MiB / 62.13GiB   0.31%               0B / 0B             0B / 1.03MB         18
e4a8d4bab117        etcd51              2.45%               224.4MiB / 62.13GiB   0.35%               0B / 0B             0B / 1.08MB         17
3d126b889c01        etcd50              2.70%               179.5MiB / 62.13GiB   0.28%               0B / 0B             0B / 1.1MB          18
87792b200df9        etcd49              2.98%               182MiB / 62.13GiB     0.29%               0B / 0B             0B / 1.08MB         19
288a5b181d2f        etcd48              3.06%               177.1MiB / 62.13GiB   0.28%               0B / 0B             0B / 1.14MB         16
0e8da126e00b        etcd47              2.54%               141.8MiB / 62.13GiB   0.22%               0B / 0B             0B / 1.16MB         20
a8c3d92722f4        etcd46              2.19%               211.6MiB / 62.13GiB   0.33%               0B / 0B             0B / 1.13MB         18
12ec40aa0be3        etcd45              2.83%               209.2MiB / 62.13GiB   0.33%               0B / 0B             0B / 1.13MB         17
d0b8d099fe88        etcd44              3.70%               199MiB / 62.13GiB     0.31%               0B / 0B             0B / 1.13MB         18
f4682e7b5589        etcd43              3.32%               276.4MiB / 62.13GiB   0.43%               0B / 0B             0B / 1.11MB         18
9f297a0fd581        etcd42              2.67%               180.1MiB / 62.13GiB   0.28%               0B / 0B             0B / 1.1MB          19
5a55afd6a4b9        etcd41              2.39%               218.3MiB / 62.13GiB   0.34%               0B / 0B             0B / 1.15MB         20
a54b6fa71dde        etcd40              2.36%               225.9MiB / 62.13GiB   0.36%               0B / 0B             0B / 1.16MB         17
aa9ac40d3660        etcd39              2.94%               228.9MiB / 62.13GiB   0.36%               0B / 0B             0B / 1.14MB         18
b6201ed76d5b        etcd38              3.18%               206.1MiB / 62.13GiB   0.32%               0B / 0B             0B / 1.17MB         19
02dc741d6189        etcd37              2.79%               225.9MiB / 62.13GiB   0.36%               0B / 0B             0B / 1.17MB         18
7311712d199d        etcd36              3.00%               179.4MiB / 62.13GiB   0.28%               0B / 0B             0B / 1.16MB         17
be445d341aeb        etcd35              2.32%               258.7MiB / 62.13GiB   0.41%               0B / 0B             0B / 1.17MB         19
ae0dfe975703        etcd34              2.76%               224.8MiB / 62.13GiB   0.35%               0B / 0B             0B / 1.18MB         18
1c4cb71a672d        etcd33              2.65%               200.1MiB / 62.13GiB   0.31%               0B / 0B             0B / 1.16MB         17
8ea90ee3492e        etcd32              3.14%               233.9MiB / 62.13GiB   0.37%               0B / 0B             0B / 1.17MB         19
39b30bd037e6        etcd31              2.02%               202.3MiB / 62.13GiB   0.32%               0B / 0B             0B / 1.18MB         17
d2c28ebae844        etcd30              2.07%               244.6MiB / 62.13GiB   0.38%               0B / 0B             0B / 1.19MB         18
16f9e1cfc9fc        etcd29              3.14%               231.4MiB / 62.13GiB   0.36%               0B / 0B             0B / 1.2MB          19
c87a4c8f3730        etcd28              3.82%               242.4MiB / 62.13GiB   0.38%               0B / 0B             0B / 1.18MB         21
bd799ecf14dd        etcd27              3.26%               281.4MiB / 62.13GiB   0.44%               0B / 0B             0B / 1.22MB         19
72dc2a5e7843        etcd26              1.92%               203.1MiB / 62.13GiB   0.32%               0B / 0B             0B / 1.2MB          19
a55c43fb1fc3        etcd25              2.05%               271.9MiB / 62.13GiB   0.43%               0B / 0B             0B / 1.2MB          18
1dae7a25d3e8        etcd24              2.30%               245.1MiB / 62.13GiB   0.39%               0B / 0B             0B / 1.22MB         18
3d74d62b6e0b        etcd23              1.82%               295.8MiB / 62.13GiB   0.46%               0B / 0B             0B / 1.19MB         24
fb5d4c16afa9        etcd22              4.43%               255.5MiB / 62.13GiB   0.40%               0B / 0B             0B / 1.2MB          23
7950d0f2ef2b        etcd21              3.35%               260MiB / 62.13GiB     0.41%               0B / 0B             0B / 1.21MB         19
e5f224fb84de        etcd20              1.90%               274.9MiB / 62.13GiB   0.43%               0B / 0B             0B / 1.22MB         17
ba36fefebd6d        etcd19              2.47%               277.2MiB / 62.13GiB   0.44%               0B / 0B             0B / 1.26MB         17
b3137776af6e        etcd18              1.73%               276.7MiB / 62.13GiB   0.43%               0B / 0B             0B / 1.25MB         18
4a41e7ec9869        etcd17              2.04%               294.5MiB / 62.13GiB   0.46%               0B / 0B             0B / 1.22MB         19
c52559b2d862        etcd16              2.97%               267.3MiB / 62.13GiB   0.42%               0B / 0B             0B / 1.22MB         17
421074f5e062        etcd15              3.58%               286.6MiB / 62.13GiB   0.45%               0B / 0B             0B / 1.26MB         18
6432a62ab2e2        etcd14              3.65%               318.2MiB / 62.13GiB   0.50%               0B / 0B             0B / 1.21MB         18
b4797b9b2df3        etcd13              2.75%               259.5MiB / 62.13GiB   0.41%               0B / 0B             0B / 1.25MB         20
b7d2d87e189b        etcd12              13.05%              329.8MiB / 62.13GiB   0.52%               0B / 0B             0B / 1.17MB         27
4d7fbeb44478        etcd11              1.06%               251.9MiB / 62.13GiB   0.40%               0B / 0B             0B / 1.23MB         18
0c1ff41e22e7        etcd10              2.59%               319.6MiB / 62.13GiB   0.50%               0B / 0B             0B / 1.24MB         19
8aabe12b1b76        etcd9               2.59%               269.7MiB / 62.13GiB   0.42%               0B / 0B             0B / 1.22MB         20
985e3846efe2        etcd8               1.18%               276.8MiB / 62.13GiB   0.43%               0B / 0B             0B / 1.2MB          18
3f144c837d18        etcd7               4.35%               289.5MiB / 62.13GiB   0.46%               0B / 0B             0B / 1.25MB         20
ef073675449e        etcd6               4.37%               297.9MiB / 62.13GiB   0.47%               0B / 0B             0B / 1.27MB         18
f3017f2b400f        etcd5               2.64%               296.6MiB / 62.13GiB   0.47%               0B / 0B             0B / 1.26MB         19
741b5da1f69d        etcd4               1.15%               298.6MiB / 62.13GiB   0.47%               0B / 0B             0B / 1.24MB         19
ef076e6f46f6        etcd3               2.91%               297.6MiB / 62.13GiB   0.47%               0B / 0B             0B / 1.25MB         18
94e3e731ae68        etcd2               3.11%               297.8MiB / 62.13GiB   0.47%               0B / 0B             0B / 1.24MB         17
b5e5147b51a4        etcd1               2.93%               303.4MiB / 62.13GiB   0.48%               0B / 0B             0B / 1.29MB         19
0c2d2e5d6953        etcd0               1.13%               286.2MiB / 62.13GiB   0.45%               0B / 0B             0B / 1.23MB         18
