Creating cluster of 100 nodes
Percentage Leaving 20%
CONTAINER ID        NAME                CPU %               MEM USAGE / LIMIT     MEM %               NET I/O             BLOCK I/O           PIDS
4e2fdefc98f8        etcd99              2.68%               59.25MiB / 373.8GiB   0.02%               0B / 0B             0B / 508kB          55
7cc7cfcc2216        etcd98              1.98%               64.48MiB / 373.8GiB   0.02%               0B / 0B             0B / 545kB          52
56c527f60f67        etcd97              4.93%               65.59MiB / 373.8GiB   0.02%               0B / 0B             0B / 561kB          54
86e650f27fc6        etcd96              3.09%               61.32MiB / 373.8GiB   0.02%               0B / 0B             0B / 565kB          52
e0b85c64614c        etcd95              1.29%               66.08MiB / 373.8GiB   0.02%               0B / 0B             0B / 569kB          52
1d77176b818e        etcd94              3.13%               66.29MiB / 373.8GiB   0.02%               0B / 0B             0B / 578kB          52
a6203c372427        etcd93              2.99%               68.77MiB / 373.8GiB   0.02%               0B / 0B             0B / 594kB          54
965259c5c220        etcd92              1.30%               68.34MiB / 373.8GiB   0.02%               0B / 0B             0B / 664kB          53
2b2edc7ffc09        etcd91              5.07%               69.87MiB / 373.8GiB   0.02%               0B / 0B             0B / 610kB          53
58de2513d7a2        etcd90              5.14%               72.11MiB / 373.8GiB   0.02%               0B / 0B             0B / 610kB          53
5b37a5e43174        etcd89              2.00%               66.82MiB / 373.8GiB   0.02%               0B / 0B             0B / 627kB          54
71a60cb9dbe6        etcd88              2.92%               69.51MiB / 373.8GiB   0.02%               0B / 0B             0B / 631kB          53
bd624249341a        etcd87              2.29%               72.98MiB / 373.8GiB   0.02%               0B / 0B             0B / 643kB          55
08281e433510        etcd86              1.49%               76.13MiB / 373.8GiB   0.02%               0B / 0B             0B / 651kB          52
af33ee89424e        etcd85              3.07%               80.66MiB / 373.8GiB   0.02%               0B / 0B             0B / 664kB          53
33a6d55d35e4        etcd84              4.59%               76.2MiB / 373.8GiB    0.02%               0B / 0B             0B / 672kB          53
1b33c3224d31        etcd83              3.92%               80.3MiB / 373.8GiB    0.02%               0B / 0B             0B / 680kB          53
30768fbdf709        etcd82              3.86%               83.84MiB / 373.8GiB   0.02%               0B / 0B             0B / 688kB          51
faa2663daa40        etcd81              3.44%               81.44MiB / 373.8GiB   0.02%               0B / 0B             0B / 688kB          53
3690d31f7f2e        etcd80              1.31%               84.64MiB / 373.8GiB   0.02%               0B / 0B             0B / 705kB          54
ca0f5b38f6ee        etcd79              2.74%               84.06MiB / 373.8GiB   0.02%               0B / 0B             0B / 709kB          53
5bf3cd646d1a        etcd78              2.69%               90.5MiB / 373.8GiB    0.02%               0B / 0B             0B / 713kB          52
47a081675a16        etcd77              1.47%               103.8MiB / 373.8GiB   0.03%               0B / 0B             0B / 729kB          52
3da8c1935a4a        etcd76              4.67%               92.59MiB / 373.8GiB   0.02%               0B / 0B             0B / 733kB          53
5adcd0d722e7        etcd75              5.01%               101MiB / 373.8GiB     0.03%               0B / 0B             0B / 741kB          53
0dd41c4087d0        etcd74              1.55%               99.25MiB / 373.8GiB   0.03%               0B / 0B             0B / 750kB          52
5d1580a191a1        etcd73              3.01%               110.4MiB / 373.8GiB   0.03%               0B / 0B             0B / 758kB          53
0e4559a70922        etcd72              3.13%               104.5MiB / 373.8GiB   0.03%               0B / 0B             0B / 770kB          51
2970ac75c90a        etcd71              1.71%               109.3MiB / 373.8GiB   0.03%               0B / 0B             0B / 778kB          52
c5937e53f6e8        etcd70              2.86%               99.75MiB / 373.8GiB   0.03%               0B / 0B             0B / 791kB          53
977fe5f61836        etcd69              3.55%               113.1MiB / 373.8GiB   0.03%               0B / 0B             0B / 795kB          54
955fdc83f078        etcd68              3.49%               110.7MiB / 373.8GiB   0.03%               0B / 0B             0B / 799kB          53
257e74eb2e23        etcd67              4.18%               112.8MiB / 373.8GiB   0.03%               0B / 0B             0B / 815kB          53
e857a61b0b93        etcd66              3.64%               114.6MiB / 373.8GiB   0.03%               0B / 0B             0B / 823kB          53
452475302b04        etcd65              2.44%               115.4MiB / 373.8GiB   0.03%               0B / 0B             0B / 831kB          53
2cc001502cc8        etcd64              1.74%               122.8MiB / 373.8GiB   0.03%               0B / 0B             0B / 836kB          54
62f1bfc27ab0        etcd63              3.06%               121MiB / 373.8GiB     0.03%               0B / 0B             0B / 848kB          54
f0a81910f259        etcd62              2.29%               128.4MiB / 373.8GiB   0.03%               0B / 0B             0B / 852kB          53
1df4672d44f5        etcd61              3.41%               134.4MiB / 373.8GiB   0.04%               0B / 0B             0B / 856kB          53
c8084aa9811a        etcd60              4.61%               150.1MiB / 373.8GiB   0.04%               0B / 0B             0B / 872kB          53
74a4fc30e56f        etcd59              2.46%               129.1MiB / 373.8GiB   0.03%               0B / 0B             0B / 926kB          54
fb60f9f7e6a8        etcd58              1.78%               146.5MiB / 373.8GiB   0.04%               0B / 0B             0B / 893kB          46
536c9ba2842e        etcd57              3.25%               145.2MiB / 373.8GiB   0.04%               0B / 0B             0B / 901kB          54
3ae3517db0b0        etcd56              3.70%               149.2MiB / 373.8GiB   0.04%               0B / 0B             0B / 905kB          46
97e3018d2c05        etcd55              1.84%               160MiB / 373.8GiB     0.04%               0B / 0B             0B / 913kB          52
6f0c4654b6ff        etcd54              3.17%               162.5MiB / 373.8GiB   0.04%               0B / 0B             0B / 922kB          53
304b2d3201f4        etcd53              4.77%               165.1MiB / 373.8GiB   0.04%               0B / 0B             0B / 934kB          54
94449a6b5a0a        etcd52              3.18%               169MiB / 373.8GiB     0.04%               0B / 0B             0B / 938kB          52
c64247d912d4        etcd51              3.19%               174.4MiB / 373.8GiB   0.05%               0B / 0B             0B / 991kB          49
4c2c12b0d04b        etcd50              3.47%               133.8MiB / 373.8GiB   0.03%               0B / 0B             0B / 971kB          53
3cd5bb44ef73        etcd49              1.55%               180MiB / 373.8GiB     0.05%               0B / 0B             0B / 975kB          50
d8106a58f6f2        etcd48              3.02%               183.8MiB / 373.8GiB   0.05%               0B / 0B             0B / 975kB          45
ee1157ed2e15        etcd47              3.12%               155.3MiB / 373.8GiB   0.04%               0B / 0B             0B / 983kB          53
98f632704e96        etcd46              3.45%               187.4MiB / 373.8GiB   0.05%               0B / 0B             0B / 983kB          54
de6ba77af991        etcd45              4.52%               193.9MiB / 373.8GiB   0.05%               0B / 0B             0B / 979kB          53
18674aed0115        etcd44              2.85%               215.7MiB / 373.8GiB   0.06%               0B / 0B             0B / 987kB          53
052c8462bb3f        etcd43              2.64%               181.5MiB / 373.8GiB   0.05%               0B / 0B             0B / 991kB          54
82f6b2bbea3d        etcd42              1.62%               194.5MiB / 373.8GiB   0.05%               0B / 0B             0B / 987kB          53
ece7bb06a30a        etcd41              21.94%              375.8MiB / 373.8GiB   0.10%               0B / 0B             0B / 991kB          69
095da1330895        etcd40              3.52%               131MiB / 373.8GiB     0.03%               0B / 0B             0B / 995kB          54
ae5a85066fbf        etcd39              1.16%               220.2MiB / 373.8GiB   0.06%               0B / 0B             0B / 991kB          54
82dd7e188e08        etcd38              5.12%               214.9MiB / 373.8GiB   0.06%               0B / 0B             0B / 999kB          54
54db72da8bda        etcd37              4.84%               219.7MiB / 373.8GiB   0.06%               0B / 0B             0B / 999kB          53
7840add2dada        etcd36              1.39%               218.5MiB / 373.8GiB   0.06%               0B / 0B             0B / 1MB            56
f7302cfbaa28        etcd35              3.17%               240.9MiB / 373.8GiB   0.06%               0B / 0B             0B / 1.01MB         55
78d7e48fb327        etcd34              2.78%               245MiB / 373.8GiB     0.06%               0B / 0B             0B / 1MB            52
230489a3f0da        etcd33              1.28%               250.9MiB / 373.8GiB   0.07%               0B / 0B             0B / 1MB            54
d84a48736143        etcd32              1.62%               233.6MiB / 373.8GiB   0.06%               0B / 0B             0B / 1MB            55
08d292a095c7        etcd31              3.06%               259.4MiB / 373.8GiB   0.07%               0B / 0B             0B / 1.01MB         55
759f875f55cb        etcd30              4.51%               254.3MiB / 373.8GiB   0.07%               0B / 0B             0B / 1.01MB         55
1a76d1739e84        etcd29              3.51%               248.5MiB / 373.8GiB   0.06%               0B / 0B             0B / 1.02MB         54
f8cf8baf9762        etcd28              2.81%               274.8MiB / 373.8GiB   0.07%               0B / 0B             0B / 1.02MB         53
7b91cf5b89b7        etcd27              3.08%               263.8MiB / 373.8GiB   0.07%               0B / 0B             0B / 1.02MB         54
5abbffd1032e        etcd26              1.46%               294.4MiB / 373.8GiB   0.08%               0B / 0B             0B / 1.02MB         53
ec1d29667b0d        etcd25              3.20%               258.3MiB / 373.8GiB   0.07%               0B / 0B             0B / 1.02MB         53
ef85101a1788        etcd24              3.16%               305.3MiB / 373.8GiB   0.08%               0B / 0B             0B / 1.03MB         52
37b9053fc3ad        etcd23              2.38%               292.1MiB / 373.8GiB   0.08%               0B / 0B             0B / 1.03MB         54
7790435d4e8f        etcd22              3.53%               295.3MiB / 373.8GiB   0.08%               0B / 0B             0B / 1.03MB         56
074f83a2cd4c        etcd21              4.78%               294.1MiB / 373.8GiB   0.08%               0B / 0B             0B / 1.03MB         53
18ce802c4fa4        etcd20              3.03%               302.4MiB / 373.8GiB   0.08%               0B / 0B             0B / 1.04MB         53
31b5437c4159        etcd19              1.85%               311.4MiB / 373.8GiB   0.08%               0B / 0B             0B / 1.04MB         52
b6be2d58ff47        etcd18              2.83%               307.3MiB / 373.8GiB   0.08%               0B / 0B             0B / 1.04MB         53
07d3a13d66cf        etcd17              3.10%               306.1MiB / 373.8GiB   0.08%               0B / 0B             0B / 1.04MB         53
367fdc9e9d1d        etcd16              1.68%               306.5MiB / 373.8GiB   0.08%               0B / 0B             0B / 1.04MB         52
e67f0e665f67        etcd15              1.29%               310MiB / 373.8GiB     0.08%               0B / 0B             0B / 1.04MB         53
3c2d0d12df9f        etcd14              5.13%               315MiB / 373.8GiB     0.08%               0B / 0B             0B / 1.04MB         53
898fe8c048da        etcd13              4.93%               290MiB / 373.8GiB     0.08%               0B / 0B             0B / 1.05MB         56
d90effb9f8d2        etcd12              3.56%               294.6MiB / 373.8GiB   0.08%               0B / 0B             0B / 1.05MB         56
08a5fa5a221f        etcd11              3.01%               318.1MiB / 373.8GiB   0.08%               0B / 0B             0B / 1.06MB         53
7c328b309ec4        etcd10              2.83%               297.9MiB / 373.8GiB   0.08%               0B / 0B             0B / 1.05MB         55
0767b849bddb        etcd9               3.10%               304.7MiB / 373.8GiB   0.08%               0B / 0B             0B / 1.05MB         54
25e2fe881c34        etcd8               1.57%               307.1MiB / 373.8GiB   0.08%               0B / 0B             0B / 1.06MB         53
50aa6af08adc        etcd7               3.13%               317.2MiB / 373.8GiB   0.08%               0B / 0B             0B / 1.06MB         53
9a5838ea1295        etcd6               3.18%               316MiB / 373.8GiB     0.08%               0B / 0B             0B / 1.06MB         53
76c1c026882e        etcd5               3.59%               307.3MiB / 373.8GiB   0.08%               0B / 0B             0B / 1.05MB         54
d96836b3a03f        etcd4               3.46%               307.9MiB / 373.8GiB   0.08%               0B / 0B             0B / 1.06MB         54
a92d535971d1        etcd3               4.08%               316.6MiB / 373.8GiB   0.08%               0B / 0B             0B / 1.06MB         53
c950e5faa484        etcd2               3.01%               304.7MiB / 373.8GiB   0.08%               0B / 0B             0B / 1.06MB         54
9ec6dade198e        etcd1               1.71%               313MiB / 373.8GiB     0.08%               0B / 0B             0B / 1.06MB         54
6240aee839e7        etcd0               1.46%               309.6MiB / 373.8GiB   0.08%               0B / 0B             0B / 1.06MB         54
Percentage Leaving 40%
CONTAINER ID        NAME                CPU %               MEM USAGE / LIMIT     MEM %               NET I/O             BLOCK I/O           PIDS
ce8796e66933        etcd99              3.30%               59.23MiB / 373.8GiB   0.02%               0B / 0B             0B / 520kB          54
2e5dbac0151e        etcd98              1.94%               59.45MiB / 373.8GiB   0.02%               0B / 0B             0B / 549kB          53
d99eb9f790d3        etcd97              3.56%               65.27MiB / 373.8GiB   0.02%               0B / 0B             0B / 549kB          57
87cae3a5567e        etcd96              5.43%               64.64MiB / 373.8GiB   0.02%               0B / 0B             0B / 561kB          53
455d681c9cc2        etcd95              2.54%               59.7MiB / 373.8GiB    0.02%               0B / 0B             0B / 573kB          53
5e7f139b785c        etcd94              2.56%               77.84MiB / 373.8GiB   0.02%               0B / 0B             0B / 582kB          53
36906762ca1b        etcd93              3.74%               68.77MiB / 373.8GiB   0.02%               0B / 0B             0B / 594kB          53
eb4e884ce968        etcd92              2.76%               61.66MiB / 373.8GiB   0.02%               0B / 0B             0B / 598kB          55
8d4ae726ae63        etcd91              1.49%               66.64MiB / 373.8GiB   0.02%               0B / 0B             0B / 606kB          53
12f9db503792        etcd90              4.90%               72.42MiB / 373.8GiB   0.02%               0B / 0B             0B / 614kB          53
9ddc09ce4d4d        etcd89              4.83%               66.8MiB / 373.8GiB    0.02%               0B / 0B             0B / 623kB          53
b41fd75203c9        etcd88              1.74%               70.92MiB / 373.8GiB   0.02%               0B / 0B             0B / 635kB          53
8a65f4b1e12e        etcd87              3.02%               71.36MiB / 373.8GiB   0.02%               0B / 0B             0B / 643kB          49
be06427e0ec5        etcd86              2.96%               74.92MiB / 373.8GiB   0.02%               0B / 0B             0B / 643kB          52
cee41d481f15        etcd85              1.90%               71.58MiB / 373.8GiB   0.02%               0B / 0B             0B / 651kB          55
07dd77302945        etcd84              3.64%               78.94MiB / 373.8GiB   0.02%               0B / 0B             0B / 668kB          54
8693c677f223        etcd83              3.73%               74.32MiB / 373.8GiB   0.02%               0B / 0B             0B / 676kB          52
ac252b8f9b47        etcd82              4.15%               84.4MiB / 373.8GiB    0.02%               0B / 0B             0B / 684kB          52
d6804df3e21a        etcd81              5.28%               82.52MiB / 373.8GiB   0.02%               0B / 0B             0B / 688kB          53
552919b1deda        etcd80              2.95%               87.63MiB / 373.8GiB   0.02%               0B / 0B             0B / 700kB          53
b6387cdc9f6e        etcd79              1.73%               87.27MiB / 373.8GiB   0.02%               0B / 0B             0B / 713kB          53
944b39d0a6e6        etcd78              2.74%               85.22MiB / 373.8GiB   0.02%               0B / 0B             0B / 713kB          53
1a25ff4b73ef        etcd77              3.21%               85.89MiB / 373.8GiB   0.02%               0B / 0B             0B / 741kB          53
6d9e2afcc505        etcd76              1.99%               94.8MiB / 373.8GiB    0.02%               0B / 0B             0B / 733kB          53
469584d891e8        etcd75              5.16%               89.1MiB / 373.8GiB    0.02%               0B / 0B             0B / 745kB          53
29b6e5f2865c        etcd74              5.35%               92.29MiB / 373.8GiB   0.02%               0B / 0B             0B / 745kB          53
1a443b22c046        etcd73              1.79%               97.8MiB / 373.8GiB    0.03%               0B / 0B             0B / 758kB          55
1bb7f51e27f8        etcd72              3.25%               101.4MiB / 373.8GiB   0.03%               0B / 0B             0B / 770kB          53
52670a89aa56        etcd71              3.10%               105MiB / 373.8GiB     0.03%               0B / 0B             0B / 778kB          54
5881af0d718e        etcd70              1.46%               110MiB / 373.8GiB     0.03%               0B / 0B             0B / 786kB          52
5fdb056a3d58        etcd69              3.02%               107.2MiB / 373.8GiB   0.03%               0B / 0B             0B / 791kB          55
ed9a0ea516f9        etcd68              5.03%               105.1MiB / 373.8GiB   0.03%               0B / 0B             0B / 803kB          52
7946ca3b67d4        etcd67              3.62%               104.8MiB / 373.8GiB   0.03%               0B / 0B             0B / 815kB          54
69fe546f039b        etcd66              4.68%               120.1MiB / 373.8GiB   0.03%               0B / 0B             0B / 823kB          53
439f8d18f71d        etcd65              2.99%               119MiB / 373.8GiB     0.03%               0B / 0B             0B / 827kB          53
2ffc2f33e9fa        etcd64              2.40%               117.5MiB / 373.8GiB   0.03%               0B / 0B             0B / 836kB          53
ba6436ceaff0        etcd63              1.56%               122.5MiB / 373.8GiB   0.03%               0B / 0B             0B / 848kB          52
5bdce3f6de60        etcd62              3.54%               115MiB / 373.8GiB     0.03%               0B / 0B             0B / 881kB          55
67190c1229ab        etcd61              2.66%               124.5MiB / 373.8GiB   0.03%               0B / 0B             0B / 860kB          54
c17097f50feb        etcd60              3.52%               135.1MiB / 373.8GiB   0.04%               0B / 0B             0B / 872kB          51
a3c74cade6e5        etcd59              4.93%               138.7MiB / 373.8GiB   0.04%               0B / 0B             0B / 930kB          54
ea39ba53a1c1        etcd58              2.08%               134.5MiB / 373.8GiB   0.04%               0B / 0B             0B / 889kB          53
0618285cc350        etcd57              1.71%               152.5MiB / 373.8GiB   0.04%               0B / 0B             0B / 897kB          52
122d27b60a63        etcd56              4.04%               147.8MiB / 373.8GiB   0.04%               0B / 0B             0B / 905kB          54
6f16e7221c97        etcd55              3.89%               138.3MiB / 373.8GiB   0.04%               0B / 0B             0B / 918kB          52
45f3c3e3a489        etcd54              1.41%               164.8MiB / 373.8GiB   0.04%               0B / 0B             0B / 922kB          53
1250a8e57011        etcd53              5.36%               163.6MiB / 373.8GiB   0.04%               0B / 0B             0B / 934kB          51
7516ca34e47d        etcd52              5.30%               166.9MiB / 373.8GiB   0.04%               0B / 0B             0B / 942kB          53
b6eb2b3cb01e        etcd51              3.93%               173.1MiB / 373.8GiB   0.05%               0B / 0B             0B / 967kB          53
438a98d2f66d        etcd50              3.11%               174.5MiB / 373.8GiB   0.05%               0B / 0B             0B / 967kB          46
ddbc70a89ae4        etcd49              3.19%               184.3MiB / 373.8GiB   0.05%               0B / 0B             0B / 975kB          53
e1482fac2741        etcd48              1.45%               172.6MiB / 373.8GiB   0.05%               0B / 0B             0B / 975kB          53
a0553a159fb9        etcd47              2.50%               170.5MiB / 373.8GiB   0.04%               0B / 0B             0B / 971kB          53
d1618f7a24c2        etcd46              3.20%               185.2MiB / 373.8GiB   0.05%               0B / 0B             0B / 1.03MB         54
52a1ce40e377        etcd45              4.04%               193.4MiB / 373.8GiB   0.05%               0B / 0B             0B / 979kB          54
aa7715193668        etcd44              3.58%               190.7MiB / 373.8GiB   0.05%               0B / 0B             0B / 975kB          54
4a401b9e6223        etcd43              2.78%               190.5MiB / 373.8GiB   0.05%               0B / 0B             0B / 983kB          55
6669e21476f1        etcd42              2.97%               199.8MiB / 373.8GiB   0.05%               0B / 0B             0B / 987kB          55
837d816513b9        etcd41              1.48%               204.8MiB / 373.8GiB   0.05%               0B / 0B             0B / 991kB          55
d4d73781c6d2        etcd40              2.68%               205MiB / 373.8GiB     0.05%               0B / 0B             0B / 987kB          54
396bd35107d9        etcd39              3.10%               144.6MiB / 373.8GiB   0.04%               0B / 0B             0B / 991kB          54
b4db02ff7e95        etcd38              2.12%               212.3MiB / 373.8GiB   0.06%               0B / 0B             0B / 995kB          55
6d0b5ee8f664        etcd37              5.07%               231.1MiB / 373.8GiB   0.06%               0B / 0B             0B / 995kB          54
21448a6c312c        etcd36              5.32%               234.1MiB / 373.8GiB   0.06%               0B / 0B             0B / 991kB          53
0fbaea49761d        etcd35              2.26%               236.2MiB / 373.8GiB   0.06%               0B / 0B             0B / 999kB          53
c66f055221d6        etcd34              1.43%               211.4MiB / 373.8GiB   0.06%               0B / 0B             0B / 999kB          54
606d106c20e4        etcd33              3.00%               237.2MiB / 373.8GiB   0.06%               0B / 0B             0B / 999kB          54
9cd15bff6550        etcd32              2.71%               249MiB / 373.8GiB     0.07%               0B / 0B             0B / 1.01MB         55
1c54d3b63525        etcd31              1.83%               253.3MiB / 373.8GiB   0.07%               0B / 0B             0B / 1.01MB         55
fd34290e61e5        etcd30              3.14%               260MiB / 373.8GiB     0.07%               0B / 0B             0B / 1.01MB         54
6bfbba42f687        etcd29              5.11%               252.6MiB / 373.8GiB   0.07%               0B / 0B             0B / 1.02MB         54
6e358b754c69        etcd28              3.82%               373.6MiB / 373.8GiB   0.10%               0B / 0B             0B / 1.02MB         54
940e3dae0ae8        etcd27              3.56%               265.5MiB / 373.8GiB   0.07%               0B / 0B             0B / 1.01MB         54
50ab5c82ccd5        etcd26              3.79%               284MiB / 373.8GiB     0.07%               0B / 0B             0B / 1.02MB         54
3e1d7420811a        etcd25              2.83%               280.8MiB / 373.8GiB   0.07%               0B / 0B             0B / 1.02MB         53
392c516fc098        etcd24              1.89%               278.2MiB / 373.8GiB   0.07%               0B / 0B             0B / 1.02MB         54
bdae4c520d2b        etcd23              3.13%               310.5MiB / 373.8GiB   0.08%               0B / 0B             0B / 1.02MB         54
277333bdfa26        etcd22              3.15%               303.7MiB / 373.8GiB   0.08%               0B / 0B             0B / 1.03MB         53
aa036b7313d1        etcd21              3.14%               312.3MiB / 373.8GiB   0.08%               0B / 0B             0B / 1.03MB         51
3d9b84d0261a        etcd20              4.81%               292.1MiB / 373.8GiB   0.08%               0B / 0B             0B / 1.02MB         52
bff1d5975efb        etcd19              4.44%               307.3MiB / 373.8GiB   0.08%               0B / 0B             0B / 1.04MB         53
d2619d3cab0e        etcd18              1.55%               299.6MiB / 373.8GiB   0.08%               0B / 0B             0B / 1.03MB         53
d29fa87c7981        etcd17              1.65%               302.3MiB / 373.8GiB   0.08%               0B / 0B             0B / 1.04MB         53
a44b308b9794        etcd16              3.59%               313MiB / 373.8GiB     0.08%               0B / 0B             0B / 1.03MB         53
53016da6e402        etcd15              2.91%               300.7MiB / 373.8GiB   0.08%               0B / 0B             0B / 1.04MB         54
f2afd605b303        etcd14              1.77%               309.5MiB / 373.8GiB   0.08%               0B / 0B             0B / 1.04MB         54
ced6f13b7e48        etcd13              3.39%               314.4MiB / 373.8GiB   0.08%               0B / 0B             0B / 1.04MB         53
0318d1a5e367        etcd12              5.37%               307.6MiB / 373.8GiB   0.08%               0B / 0B             0B / 1.04MB         54
b0afca3fc7c8        etcd11              26.13%              348.1MiB / 373.8GiB   0.09%               0B / 0B             0B / 1.04MB         67
def65f862772        etcd10              1.68%               306.1MiB / 373.8GiB   0.08%               0B / 0B             0B / 1.04MB         54
c1a701c410d1        etcd9               2.93%               307.4MiB / 373.8GiB   0.08%               0B / 0B             0B / 1.04MB         54
188b5303ef9f        etcd8               2.94%               319.7MiB / 373.8GiB   0.08%               0B / 0B             0B / 1.05MB         53
33a8aa3dd7ef        etcd7               2.10%               319.4MiB / 373.8GiB   0.08%               0B / 0B             0B / 1.05MB         54
46facfde3c9d        etcd6               2.09%               315.9MiB / 373.8GiB   0.08%               0B / 0B             0B / 1.05MB         54
a4cc7250de8a        etcd5               3.40%               312MiB / 373.8GiB     0.08%               0B / 0B             0B / 1.06MB         53
d4d2ecc2d3ea        etcd4               3.17%               309.6MiB / 373.8GiB   0.08%               0B / 0B             0B / 1.05MB         54
c9e290ad5961        etcd3               3.47%               305.4MiB / 373.8GiB   0.08%               0B / 0B             0B / 1.06MB         54
68e959bdb05b        etcd2               3.43%               314.4MiB / 373.8GiB   0.08%               0B / 0B             0B / 1.06MB         54
9eb9b546d63c        etcd1               4.41%               311.8MiB / 373.8GiB   0.08%               0B / 0B             0B / 1.06MB         54
e99fddde5fef        etcd0               2.89%               305.9MiB / 373.8GiB   0.08%               0B / 0B             0B / 1.06MB         53
Percentage Leaving 60%
CONTAINER ID        NAME                CPU %               MEM USAGE / LIMIT     MEM %               NET I/O             BLOCK I/O           PIDS
02504c4ff0b2        etcd99              2.61%               63.89MiB / 373.8GiB   0.02%               0B / 0B             0B / 512kB          53
a86c32efe6df        etcd98              2.33%               64.26MiB / 373.8GiB   0.02%               0B / 0B             0B / 545kB          57
c26b760ed620        etcd97              3.23%               59.16MiB / 373.8GiB   0.02%               0B / 0B             0B / 618kB          54
5c8302de6590        etcd96              5.30%               65.2MiB / 373.8GiB    0.02%               0B / 0B             0B / 561kB          56
c4a385ac1352        etcd95              1.86%               61.07MiB / 373.8GiB   0.02%               0B / 0B             0B / 573kB          53
8d8680058947        etcd94              3.25%               68.11MiB / 373.8GiB   0.02%               0B / 0B             0B / 582kB          53
1287b6f7fc5c        etcd93              3.31%               67.19MiB / 373.8GiB   0.02%               0B / 0B             0B / 586kB          51
3c9d3a02c9f9        etcd92              1.15%               68.2MiB / 373.8GiB    0.02%               0B / 0B             0B / 594kB          53
34914cff3f9c        etcd91              2.85%               70.54MiB / 373.8GiB   0.02%               0B / 0B             0B / 602kB          52
7c6a126d69cb        etcd90              4.84%               67.86MiB / 373.8GiB   0.02%               0B / 0B             0B / 614kB          53
42d199b56ab3        etcd89              3.61%               73.84MiB / 373.8GiB   0.02%               0B / 0B             0B / 623kB          52
92dfa090bde4        etcd88              2.78%               74.36MiB / 373.8GiB   0.02%               0B / 0B             0B / 635kB          53
8cdfdedcdbce        etcd87              2.46%               65.34MiB / 373.8GiB   0.02%               0B / 0B             0B / 639kB          52
3447a9bb91ab        etcd86              1.72%               76.69MiB / 373.8GiB   0.02%               0B / 0B             0B / 655kB          53
64ef84a34317        etcd85              3.29%               74.5MiB / 373.8GiB    0.02%               0B / 0B             0B / 684kB          52
67b8a02808f3        etcd84              3.76%               72.43MiB / 373.8GiB   0.02%               0B / 0B             0B / 668kB          53
c2b4571232ce        etcd83              3.54%               72.86MiB / 373.8GiB   0.02%               0B / 0B             0B / 676kB          53
ca53b9788b0b        etcd82              5.47%               80.56MiB / 373.8GiB   0.02%               0B / 0B             0B / 680kB          54
d5c0b129cb5d        etcd81              3.33%               83.51MiB / 373.8GiB   0.02%               0B / 0B             0B / 696kB          53
189dcfdfba08        etcd80              2.13%               82.33MiB / 373.8GiB   0.02%               0B / 0B             0B / 700kB          53
4afbf3e524dc        etcd79              2.17%               83.19MiB / 373.8GiB   0.02%               0B / 0B             0B / 709kB          55
3a1c2d84b5a7        etcd78              3.26%               86.72MiB / 373.8GiB   0.02%               0B / 0B             0B / 713kB          53
9ebed9c45483        etcd77              2.58%               89.38MiB / 373.8GiB   0.02%               0B / 0B             0B / 729kB          54
7fd070f65648        etcd76              1.84%               89.45MiB / 373.8GiB   0.02%               0B / 0B             0B / 733kB          54
aab67df4e3cb        etcd75              5.06%               93.22MiB / 373.8GiB   0.02%               0B / 0B             0B / 737kB          52
1fcc2f04f32c        etcd74              5.39%               98.46MiB / 373.8GiB   0.03%               0B / 0B             0B / 754kB          49
96ead47d7543        etcd73              1.64%               102MiB / 373.8GiB     0.03%               0B / 0B             0B / 754kB          52
985339e5aa93        etcd72              2.95%               98.49MiB / 373.8GiB   0.03%               0B / 0B             0B / 770kB          53
410ed8e31f16        etcd71              2.84%               104.5MiB / 373.8GiB   0.03%               0B / 0B             0B / 778kB          52
bbb3c85fe214        etcd70              1.50%               105.5MiB / 373.8GiB   0.03%               0B / 0B             0B / 782kB          53
44043f8dcafe        etcd69              2.85%               111.4MiB / 373.8GiB   0.03%               0B / 0B             0B / 791kB          52
9212fb03a5db        etcd68              5.72%               115.9MiB / 373.8GiB   0.03%               0B / 0B             0B / 799kB          53
25527d826931        etcd67              3.54%               105.8MiB / 373.8GiB   0.03%               0B / 0B             0B / 807kB          54
35b6ea679259        etcd66              4.35%               125.4MiB / 373.8GiB   0.03%               0B / 0B             0B / 819kB          53
33a4748914a5        etcd65              3.50%               113.6MiB / 373.8GiB   0.03%               0B / 0B             0B / 827kB          53
a8bf9781d167        etcd64              2.54%               118.8MiB / 373.8GiB   0.03%               0B / 0B             0B / 836kB          53
8b716881b459        etcd63              1.43%               103.1MiB / 373.8GiB   0.03%               0B / 0B             0B / 844kB          52
51e1cd9809c4        etcd62              2.83%               124.3MiB / 373.8GiB   0.03%               0B / 0B             0B / 852kB          53
afd345e1714d        etcd61              2.87%               142.1MiB / 373.8GiB   0.04%               0B / 0B             0B / 856kB          52
11aa180e1176        etcd60              3.34%               128.5MiB / 373.8GiB   0.03%               0B / 0B             0B / 864kB          53
6c51ba528409        etcd59              5.24%               128.6MiB / 373.8GiB   0.03%               0B / 0B             0B / 877kB          53
32feb25dc7aa        etcd58              2.67%               156.2MiB / 373.8GiB   0.04%               0B / 0B             0B / 885kB          53
7e104bba4ff6        etcd57              1.74%               143MiB / 373.8GiB     0.04%               0B / 0B             0B / 893kB          52
c772e0c846a8        etcd56              4.27%               139.5MiB / 373.8GiB   0.04%               0B / 0B             0B / 905kB          53
3299d222cec0        etcd55              3.73%               163.5MiB / 373.8GiB   0.04%               0B / 0B             0B / 909kB          51
b4d921f4d917        etcd54              1.85%               158.2MiB / 373.8GiB   0.04%               0B / 0B             0B / 918kB          52
3bf8b3be46f1        etcd53              2.83%               161.1MiB / 373.8GiB   0.04%               0B / 0B             0B / 971kB          52
5f1fa1042184        etcd52              4.89%               167.1MiB / 373.8GiB   0.04%               0B / 0B             0B / 938kB          53
63158a4bc783        etcd51              3.97%               171.7MiB / 373.8GiB   0.04%               0B / 0B             0B / 958kB          53
0e63b5800d7c        etcd50              1.33%               163.1MiB / 373.8GiB   0.04%               0B / 0B             0B / 958kB          53
78dea72a3295        etcd49              3.07%               167.1MiB / 373.8GiB   0.04%               0B / 0B             0B / 963kB          53
93a355e3f200        etcd48              2.01%               184.6MiB / 373.8GiB   0.05%               0B / 0B             0B / 963kB          54
730459a2b08a        etcd47              1.59%               168.1MiB / 373.8GiB   0.04%               0B / 0B             0B / 975kB          53
42496dff31eb        etcd46              3.54%               188MiB / 373.8GiB     0.05%               0B / 0B             0B / 971kB          52
c51b69fc62be        etcd45              3.13%               190.6MiB / 373.8GiB   0.05%               0B / 0B             0B / 967kB          54
cf588a77effa        etcd44              3.86%               206.7MiB / 373.8GiB   0.05%               0B / 0B             0B / 975kB          54
7dbd618a622d        etcd43              4.77%               198.9MiB / 373.8GiB   0.05%               0B / 0B             0B / 979kB          54
14f00f28d060        etcd42              2.85%               194.2MiB / 373.8GiB   0.05%               0B / 0B             0B / 979kB          54
a143fc787705        etcd41              1.90%               194.2MiB / 373.8GiB   0.05%               0B / 0B             0B / 983kB          55
fef8e8ebf1da        etcd40              2.28%               226.1MiB / 373.8GiB   0.06%               0B / 0B             0B / 979kB          54
25d088c24f9c        etcd39              3.35%               163.2MiB / 373.8GiB   0.04%               0B / 0B             0B / 983kB          53
051b28e33684        etcd38              2.69%               217.1MiB / 373.8GiB   0.06%               0B / 0B             0B / 987kB          54
004e22b075ae        etcd37              1.55%               216.5MiB / 373.8GiB   0.06%               0B / 0B             0B / 987kB          54
f4dbf17b6cf6        etcd36              5.02%               230.5MiB / 373.8GiB   0.06%               0B / 0B             0B / 987kB          53
b9d5fd676ae4        etcd35              5.58%               223.2MiB / 373.8GiB   0.06%               0B / 0B             0B / 995kB          54
3543610bd3fa        etcd34              1.53%               236.8MiB / 373.8GiB   0.06%               0B / 0B             0B / 987kB          55
942bcce27ef9        etcd33              2.82%               219.5MiB / 373.8GiB   0.06%               0B / 0B             0B / 999kB          54
86cff3b1e387        etcd32              21.52%              370.4MiB / 373.8GiB   0.10%               0B / 0B             0B / 1MB            67
aa561997f084        etcd31              1.30%               239.4MiB / 373.8GiB   0.06%               0B / 0B             0B / 1MB            49
d0733571c477        etcd30              2.05%               255.8MiB / 373.8GiB   0.07%               0B / 0B             0B / 999kB          54
87795de3ea48        etcd29              3.54%               256.9MiB / 373.8GiB   0.07%               0B / 0B             0B / 1.02MB         54
607000b97ce3        etcd28              5.37%               254.8MiB / 373.8GiB   0.07%               0B / 0B             0B / 1.01MB         54
5fa9a5b56e5d        etcd27              3.56%               258.3MiB / 373.8GiB   0.07%               0B / 0B             0B / 1.01MB         54
e110102fc4a1        etcd26              3.68%               296.5MiB / 373.8GiB   0.08%               0B / 0B             0B / 1.02MB         53
6e5607a4cfcc        etcd25              3.75%               291.3MiB / 373.8GiB   0.08%               0B / 0B             0B / 1.02MB         53
e7a0792d0f34        etcd24              1.75%               276MiB / 373.8GiB     0.07%               0B / 0B             0B / 1.02MB         52
7e93326a0d4d        etcd23              1.57%               287.5MiB / 373.8GiB   0.08%               0B / 0B             0B / 1.01MB         53
c65dc5cecda2        etcd22              2.85%               305.6MiB / 373.8GiB   0.08%               0B / 0B             0B / 1.02MB         51
b054806c7559        etcd21              3.65%               303.5MiB / 373.8GiB   0.08%               0B / 0B             0B / 1.02MB         52
8ae97b6ebac5        etcd20              3.30%               304.3MiB / 373.8GiB   0.08%               0B / 0B             0B / 1.02MB         48
c54e072cdf54        etcd19              4.76%               310.6MiB / 373.8GiB   0.08%               0B / 0B             0B / 1.02MB         52
d5312ae7540f        etcd18              4.99%               300.5MiB / 373.8GiB   0.08%               0B / 0B             0B / 1.02MB         53
b75483d145bd        etcd17              1.90%               304.6MiB / 373.8GiB   0.08%               0B / 0B             0B / 1.03MB         53
86f298721e0d        etcd16              3.29%               331.3MiB / 373.8GiB   0.09%               0B / 0B             0B / 1.03MB         53
3d6eb8266939        etcd15              3.20%               309.6MiB / 373.8GiB   0.08%               0B / 0B             0B / 1.02MB         53
99fa7660cca6        etcd14              3.28%               306.2MiB / 373.8GiB   0.08%               0B / 0B             0B / 1.03MB         53
b3584e65b3b0        etcd13              1.69%               315.4MiB / 373.8GiB   0.08%               0B / 0B             0B / 1.04MB         54
e96d888b661c        etcd12              2.85%               230.7MiB / 373.8GiB   0.06%               0B / 0B             0B / 1.04MB         54
0b2b01f4ed55        etcd11              5.47%               310.1MiB / 373.8GiB   0.08%               0B / 0B             0B / 1.04MB         51
94f66e4310bb        etcd10              3.64%               314.1MiB / 373.8GiB   0.08%               0B / 0B             0B / 1.04MB         54
c488edbf813b        etcd9               1.65%               310.5MiB / 373.8GiB   0.08%               0B / 0B             0B / 1.04MB         52
2a7a960b7e28        etcd8               3.00%               297.2MiB / 373.8GiB   0.08%               0B / 0B             0B / 1.04MB         55
bb119bf52d2a        etcd7               3.19%               316.4MiB / 373.8GiB   0.08%               0B / 0B             0B / 1.04MB         53
7c633f6794a8        etcd6               1.93%               310.5MiB / 373.8GiB   0.08%               0B / 0B             0B / 1.05MB         53
033479e23ddd        etcd5               2.73%               314.5MiB / 373.8GiB   0.08%               0B / 0B             0B / 1.05MB         53
e6535410e615        etcd4               3.39%               313.9MiB / 373.8GiB   0.08%               0B / 0B             0B / 1.05MB         54
dc629289dcf7        etcd3               3.60%               310.9MiB / 373.8GiB   0.08%               0B / 0B             0B / 1.05MB         53
6632fb06df1d        etcd2               3.40%               310.6MiB / 373.8GiB   0.08%               0B / 0B             0B / 1.06MB         54
9eb5fc3010bf        etcd1               4.81%               311MiB / 373.8GiB     0.08%               0B / 0B             0B / 1.06MB         53
81347d155e7b        etcd0               4.21%               310.4MiB / 373.8GiB   0.08%               0B / 0B             0B / 1.04MB         54
Percentage Leaving 80%
CONTAINER ID        NAME                CPU %               MEM USAGE / LIMIT     MEM %               NET I/O             BLOCK I/O           PIDS
f0f177452ed7        etcd99              2.77%               61.81MiB / 373.8GiB   0.02%               0B / 0B             0B / 520kB          54
67a49d396e8f        etcd98              3.38%               59.04MiB / 373.8GiB   0.02%               0B / 0B             0B / 549kB          55
e73266271cbe        etcd97              5.50%               64.09MiB / 373.8GiB   0.02%               0B / 0B             0B / 557kB          53
a5241549ec9a        etcd96              3.18%               66.29MiB / 373.8GiB   0.02%               0B / 0B             0B / 569kB          52
2ccb6c221993        etcd95              1.95%               66.33MiB / 373.8GiB   0.02%               0B / 0B             0B / 569kB          53
db24a9433a5e        etcd94              2.53%               67.52MiB / 373.8GiB   0.02%               0B / 0B             0B / 586kB          54
18fb80920bfb        etcd93              3.20%               68.59MiB / 373.8GiB   0.02%               0B / 0B             0B / 586kB          52
d811a76d979d        etcd92              1.73%               61.97MiB / 373.8GiB   0.02%               0B / 0B             0B / 602kB          53
96047bda378f        etcd91              4.49%               71.04MiB / 373.8GiB   0.02%               0B / 0B             0B / 610kB          55
ff4d19619605        etcd90              5.25%               67.68MiB / 373.8GiB   0.02%               0B / 0B             0B / 623kB          54
884651dea9c2        etcd89              1.46%               74.63MiB / 373.8GiB   0.02%               0B / 0B             0B / 627kB          59
f422a71a4da9        etcd88              3.06%               67.71MiB / 373.8GiB   0.02%               0B / 0B             0B / 639kB          54
8a7005b8f443        etcd87              2.74%               74.58MiB / 373.8GiB   0.02%               0B / 0B             0B / 647kB          53
f60b4372d085        etcd86              1.51%               72.08MiB / 373.8GiB   0.02%               0B / 0B             0B / 651kB          53
01b479a0ba98        etcd85              3.00%               73.68MiB / 373.8GiB   0.02%               0B / 0B             0B / 659kB          53
08006d5bcb7f        etcd84              3.32%               74.23MiB / 373.8GiB   0.02%               0B / 0B             0B / 668kB          54
559dab727e5c        etcd83              3.25%               78.39MiB / 373.8GiB   0.02%               0B / 0B             0B / 676kB          52
e1e296ba4988        etcd82              5.03%               78.09MiB / 373.8GiB   0.02%               0B / 0B             0B / 684kB          53
a70077a7389c        etcd81              2.97%               77.75MiB / 373.8GiB   0.02%               0B / 0B             0B / 696kB          52
1b2de2e58ca4        etcd80              1.42%               85.09MiB / 373.8GiB   0.02%               0B / 0B             0B / 668kB          52
79aaf808b32e        etcd79              3.04%               88.43MiB / 373.8GiB   0.02%               0B / 0B             0B / 705kB          51
535e7b016ee4        etcd78              3.41%               91.23MiB / 373.8GiB   0.02%               0B / 0B             0B / 717kB          53
94896e5e78f2        etcd77              1.78%               91.24MiB / 373.8GiB   0.02%               0B / 0B             0B / 729kB          54
e747e35bd6b9        etcd76              4.07%               92.7MiB / 373.8GiB    0.02%               0B / 0B             0B / 733kB          53
fbc4ae8aecb2        etcd75              4.97%               98.49MiB / 373.8GiB   0.03%               0B / 0B             0B / 737kB          54
0b9bb85ee9ae        etcd74              1.58%               92.44MiB / 373.8GiB   0.02%               0B / 0B             0B / 754kB          53
88b9b32bed43        etcd73              2.38%               92.5MiB / 373.8GiB    0.02%               0B / 0B             0B / 762kB          53
9a11150884df        etcd72              3.07%               96.97MiB / 373.8GiB   0.03%               0B / 0B             0B / 770kB          54
bcce35119fe7        etcd71              2.71%               100.3MiB / 373.8GiB   0.03%               0B / 0B             0B / 774kB          53
92ea16ba7f8d        etcd70              1.68%               104.2MiB / 373.8GiB   0.03%               0B / 0B             0B / 786kB          55
10476f6c0920        etcd69              3.04%               107.6MiB / 373.8GiB   0.03%               0B / 0B             0B / 795kB          53
9fde1273f85b        etcd68              5.22%               106.2MiB / 373.8GiB   0.03%               0B / 0B             0B / 799kB          53
c00b8b1c54c1        etcd67              3.11%               111.3MiB / 373.8GiB   0.03%               0B / 0B             0B / 815kB          54
3f2c823f60a1        etcd66              2.94%               111MiB / 373.8GiB     0.03%               0B / 0B             0B / 819kB          54
c4cecb1122d1        etcd65              3.15%               113.2MiB / 373.8GiB   0.03%               0B / 0B             0B / 831kB          54
34ee4d709c25        etcd64              1.69%               121.7MiB / 373.8GiB   0.03%               0B / 0B             0B / 836kB          54
52f23efa34ae        etcd63              3.21%               126.5MiB / 373.8GiB   0.03%               0B / 0B             0B / 848kB          54
11a5a674ba66        etcd62              3.21%               119.8MiB / 373.8GiB   0.03%               0B / 0B             0B / 852kB          53
a1f817ccfadd        etcd61              2.30%               140.2MiB / 373.8GiB   0.04%               0B / 0B             0B / 860kB          52
a574d275bbb0        etcd60              5.30%               134.2MiB / 373.8GiB   0.04%               0B / 0B             0B / 864kB          54
32da16bda244        etcd59              4.43%               134.9MiB / 373.8GiB   0.04%               0B / 0B             0B / 934kB          53
4265bea80ddf        etcd58              1.38%               149.3MiB / 373.8GiB   0.04%               0B / 0B             0B / 889kB          52
5a018c1f8ea8        etcd57              3.77%               152.8MiB / 373.8GiB   0.04%               0B / 0B             0B / 897kB          46
5a44be0e262e        etcd56              3.78%               147.4MiB / 373.8GiB   0.04%               0B / 0B             0B / 905kB          52
7375dabb86fe        etcd55              1.61%               156.7MiB / 373.8GiB   0.04%               0B / 0B             0B / 913kB          54
15b1f785670d        etcd54              2.42%               164.9MiB / 373.8GiB   0.04%               0B / 0B             0B / 918kB          53
0e5b40a1981e        etcd53              5.13%               159.1MiB / 373.8GiB   0.04%               0B / 0B             0B / 930kB          49
115f0373093d        etcd52              3.91%               166.4MiB / 373.8GiB   0.04%               0B / 0B             0B / 942kB          51
9b92d61a8aab        etcd51              2.22%               180.3MiB / 373.8GiB   0.05%               0B / 0B             0B / 967kB          52
8b2c117210c3        etcd50              3.19%               177.7MiB / 373.8GiB   0.05%               0B / 0B             0B / 971kB          43
de3e0f48649c        etcd49              3.02%               182.9MiB / 373.8GiB   0.05%               0B / 0B             0B / 971kB          46
ae9f4ddb604e        etcd48              1.68%               180.5MiB / 373.8GiB   0.05%               0B / 0B             0B / 967kB          53
1860b48763ef        etcd47              3.28%               174.9MiB / 373.8GiB   0.05%               0B / 0B             0B / 975kB          53
ab1621700f08        etcd46              3.37%               164.5MiB / 373.8GiB   0.04%               0B / 0B             0B / 979kB          52
ead99a1ba0c6        etcd45              3.12%               191.7MiB / 373.8GiB   0.05%               0B / 0B             0B / 979kB          53
cf5161c3c5a8        etcd44              5.50%               162.5MiB / 373.8GiB   0.04%               0B / 0B             0B / 975kB          54
43d618629660        etcd43              2.94%               208.4MiB / 373.8GiB   0.05%               0B / 0B             0B / 983kB          54
772ae5f5af4e        etcd42              1.63%               194.1MiB / 373.8GiB   0.05%               0B / 0B             0B / 991kB          54
add73ae43b05        etcd41              1.52%               203.5MiB / 373.8GiB   0.05%               0B / 0B             0B / 987kB          54
9834a0e319df        etcd40              2.99%               214.1MiB / 373.8GiB   0.06%               0B / 0B             0B / 991kB          52
f003b1fc826b        etcd39              1.62%               213.1MiB / 373.8GiB   0.06%               0B / 0B             0B / 1.04MB         53
b1d23e1edbfc        etcd38              1.63%               214.5MiB / 373.8GiB   0.06%               0B / 0B             0B / 995kB          54
ed201771f743        etcd37              5.58%               226.7MiB / 373.8GiB   0.06%               0B / 0B             0B / 995kB          53
79e94afd7c05        etcd36              5.45%               230.6MiB / 373.8GiB   0.06%               0B / 0B             0B / 999kB          54
a316c0bac641        etcd35              1.70%               238.8MiB / 373.8GiB   0.06%               0B / 0B             0B / 1MB            53
351aab56ea61        etcd34              2.86%               236.7MiB / 373.8GiB   0.06%               0B / 0B             0B / 1.01MB         55
1486f6465b60        etcd33              2.76%               258.2MiB / 373.8GiB   0.07%               0B / 0B             0B / 999kB          53
70e6355e7300        etcd32              22.16%              376.3MiB / 373.8GiB   0.10%               0B / 0B             0B / 1.01MB         66
49e476f10c53        etcd31              2.20%               253MiB / 373.8GiB     0.07%               0B / 0B             0B / 1.01MB         54
670c3b28774f        etcd30              3.11%               251.4MiB / 373.8GiB   0.07%               0B / 0B             0B / 1.01MB         52
ff54bec3a36b        etcd29              4.64%               245MiB / 373.8GiB     0.06%               0B / 0B             0B / 1.02MB         54
3992145817c6        etcd28              3.22%               257.8MiB / 373.8GiB   0.07%               0B / 0B             0B / 1.02MB         54
f5044a9bb4ed        etcd27              3.11%               265.8MiB / 373.8GiB   0.07%               0B / 0B             0B / 1.02MB         54
703edb3f9024        etcd26              3.26%               252.4MiB / 373.8GiB   0.07%               0B / 0B             0B / 1.02MB         54
47fde153caf7        etcd25              1.79%               284.2MiB / 373.8GiB   0.07%               0B / 0B             0B / 1.02MB         53
955918e6cb4d        etcd24              3.22%               306.4MiB / 373.8GiB   0.08%               0B / 0B             0B / 1.02MB         53
12a72eeade3e        etcd23              2.94%               305.6MiB / 373.8GiB   0.08%               0B / 0B             0B / 1.02MB         53
fd11e921cc8e        etcd22              1.82%               262.1MiB / 373.8GiB   0.07%               0B / 0B             0B / 1.03MB         53
2d7f63e896cf        etcd21              4.73%               303.6MiB / 373.8GiB   0.08%               0B / 0B             0B / 1.03MB         53
f6c0923b5141        etcd20              5.02%               298.1MiB / 373.8GiB   0.08%               0B / 0B             0B / 1.03MB         54
5b8cc729a5fd        etcd19              2.84%               312.2MiB / 373.8GiB   0.08%               0B / 0B             0B / 1.06MB         53
58cc0f5fe564        etcd18              1.63%               298.5MiB / 373.8GiB   0.08%               0B / 0B             0B / 1.04MB         54
efe5f9e14494        etcd17              2.88%               305.4MiB / 373.8GiB   0.08%               0B / 0B             0B / 1.04MB         53
f3fedd93aba6        etcd16              3.36%               306.7MiB / 373.8GiB   0.08%               0B / 0B             0B / 1.04MB         52
10b8ab46df69        etcd15              1.67%               314.1MiB / 373.8GiB   0.08%               0B / 0B             0B / 1.05MB         53
a7168c211212        etcd14              1.68%               297.6MiB / 373.8GiB   0.08%               0B / 0B             0B / 1.04MB         54
6f0730c02cb2        etcd13              4.75%               307MiB / 373.8GiB     0.08%               0B / 0B             0B / 1.04MB         54
19b2bedc8d03        etcd12              4.76%               330.6MiB / 373.8GiB   0.09%               0B / 0B             0B / 1.04MB         53
01a4ad664db3        etcd11              3.48%               312.2MiB / 373.8GiB   0.08%               0B / 0B             0B / 1.05MB         53
4a403d23304f        etcd10              3.05%               320.7MiB / 373.8GiB   0.08%               0B / 0B             0B / 1.05MB         53
e84d3c06ccf8        etcd9               3.15%               318.9MiB / 373.8GiB   0.08%               0B / 0B             0B / 1.06MB         52
3fcb36d5c32b        etcd8               2.33%               320.8MiB / 373.8GiB   0.08%               0B / 0B             0B / 1.05MB         54
48b37adcfc37        etcd7               1.62%               307.6MiB / 373.8GiB   0.08%               0B / 0B             0B / 1.05MB         54
8768132903d0        etcd6               3.48%               314MiB / 373.8GiB     0.08%               0B / 0B             0B / 1.06MB         47
dca86be066a5        etcd5               2.95%               314.3MiB / 373.8GiB   0.08%               0B / 0B             0B / 1.06MB         53
e9e7e0c27e5e        etcd4               3.51%               317.8MiB / 373.8GiB   0.08%               0B / 0B             0B / 1.06MB         53
d3e1d623ec13        etcd3               3.75%               316.8MiB / 373.8GiB   0.08%               0B / 0B             0B / 1.05MB         53
63707682f0cf        etcd2               4.98%               318.2MiB / 373.8GiB   0.08%               0B / 0B             0B / 1.06MB         53
f3b746680119        etcd1               2.79%               310MiB / 373.8GiB     0.08%               0B / 0B             0B / 1.05MB         54
253ca690e193        etcd0               1.60%               317.1MiB / 373.8GiB   0.08%               0B / 0B             0B / 1.06MB         54
